[00:35:36] [main/INFO]: Loading Minecraft 1.21.3 with Fabric Loader 0.16.9
[00:35:36] [ForkJoinPool-1-worker-4/WARN]: The mod "versecraft" contains invalid entries in its mod json:
- Unsupported root entry "frozenlib_registry" at line 51 column 23
[00:35:37] [main/INFO]: Loading 98 mods:
	- appleskin 3.0.6+mc1.21.3
	   \-- cloth-config 16.0.141
	        \-- cloth-basic-math 0.6.1
	- architectury 14.0.4
	- balm-fabric 21.3.3
	   \-- kuma_api 21.3.1-SNAPSHOT
	- collective 7.89
	- evs 2.4.1
	- expandedstorage 15.1.2
	- fabric-api 0.110.0+1.21.3
	   |-- fabric-api-base 0.4.50+119c825640
	   |-- fabric-api-lookup-api-v1 1.6.81+fd37071f40
	   |-- fabric-biome-api-v1 14.0.6+fd37071f40
	   |-- fabric-block-api-v1 1.0.28+fd37071f40
	   |-- fabric-block-view-api-v2 1.0.16+fd37071f40
	   |-- fabric-blockrenderlayer-v1 2.0.4+fd37071f40
	   |-- fabric-client-tags-api-v1 1.1.24+fd37071f40
	   |-- fabric-command-api-v1 1.2.58+f71b366f40
	   |-- fabric-command-api-v2 2.2.37+c9d82ab240
	   |-- fabric-commands-v0 0.2.75+df3654b340
	   |-- fabric-content-registries-v0 9.1.8+fd37071f40
	   |-- fabric-convention-tags-v1 2.1.3+7f945d5b40
	   |-- fabric-convention-tags-v2 2.9.3+84ebbb0e40
	   |-- fabric-crash-report-info-v1 0.3.3+fd37071f40
	   |-- fabric-data-attachment-api-v1 1.4.0+dbad41f140
	   |-- fabric-data-generation-api-v1 21.0.18+fd37071f40
	   |-- fabric-dimensions-v1 4.0.7+fd37071f40
	   |-- fabric-entity-events-v1 2.0.8+825023f840
	   |-- fabric-events-interaction-v0 2.0.12+c2c3ac4740
	   |-- fabric-game-rule-api-v1 1.0.59+fd37071f40
	   |-- fabric-item-api-v1 11.1.7+fd37071f40
	   |-- fabric-item-group-api-v1 4.1.17+fd37071f40
	   |-- fabric-key-binding-api-v1 1.0.53+fd37071f40
	   |-- fabric-keybindings-v0 0.2.51+df3654b340
	   |-- fabric-lifecycle-events-v1 2.5.1+6da5ef6940
	   |-- fabric-loot-api-v2 3.0.26+3f89f5a540
	   |-- fabric-loot-api-v3 1.0.14+fd37071f40
	   |-- fabric-message-api-v1 6.0.21+fd37071f40
	   |-- fabric-model-loading-api-v1 3.0.9+fd37071f40
	   |-- fabric-networking-api-v1 4.3.5+fd37071f40
	   |-- fabric-object-builder-api-v1 17.0.9+fd37071f40
	   |-- fabric-particles-v1 4.0.10+fd37071f40
	   |-- fabric-recipe-api-v1 7.0.4+fd37071f40
	   |-- fabric-registry-sync-v0 5.3.0+2758bfbf40
	   |-- fabric-renderer-api-v1 4.0.5+fd37071f40
	   |-- fabric-renderer-indigo 1.9.5+fd37071f40
	   |-- fabric-rendering-data-attachment-v1 0.3.54+73761d2e40
	   |-- fabric-rendering-fluids-v1 3.1.15+fd37071f40
	   |-- fabric-rendering-v0 1.1.84+df3654b340
	   |-- fabric-rendering-v1 8.0.8+6922831640
	   |-- fabric-resource-conditions-api-v1 5.0.8+fd37071f40
	   |-- fabric-resource-loader-v0 3.0.6+fd37071f40
	   |-- fabric-screen-api-v1 2.0.34+fd37071f40
	   |-- fabric-screen-handler-api-v1 1.3.101+fd37071f40
	   |-- fabric-sound-api-v1 1.0.29+fd37071f40
	   |-- fabric-transfer-api-v1 5.4.3+fd37071f40
	   \-- fabric-transitive-access-wideners-v1 6.2.0+54a41b1c40
	- fabric-language-kotlin 1.13.0+kotlin.2.1.0
	   |-- org_jetbrains_kotlin_kotlin-reflect 2.1.0
	   |-- org_jetbrains_kotlin_kotlin-stdlib 2.1.0
	   |-- org_jetbrains_kotlin_kotlin-stdlib-jdk7 2.1.0
	   |-- org_jetbrains_kotlin_kotlin-stdlib-jdk8 2.1.0
	   |-- org_jetbrains_kotlinx_atomicfu-jvm 0.26.1
	   |-- org_jetbrains_kotlinx_kotlinx-coroutines-core-jvm 1.9.0
	   |-- org_jetbrains_kotlinx_kotlinx-coroutines-jdk8 1.9.0
	   |-- org_jetbrains_kotlinx_kotlinx-datetime-jvm 0.6.1
	   |-- org_jetbrains_kotlinx_kotlinx-io-bytestring-jvm 0.6.0
	   |-- org_jetbrains_kotlinx_kotlinx-io-core-jvm 0.6.0
	   |-- org_jetbrains_kotlinx_kotlinx-serialization-cbor-jvm 1.7.3
	   |-- org_jetbrains_kotlinx_kotlinx-serialization-core-jvm 1.7.3
	   \-- org_jetbrains_kotlinx_kotlinx-serialization-json-jvm 1.7.3
	- fabricloader 0.16.9
	   \-- mixinextras 0.4.1
	- filament 0.10.0+1.21.2
	   |-- bil 1.1.13+1.21.2
	   \-- placeholder-api 2.5.0+1.21.2
	- hardcorerevival 21.3.4
	- jamlib 1.2.2+1.21.3
	   \-- blue_endless_jankson 1.2.3
	- java 21
	- minecraft 1.21.3
	- mr_daycounter 1.21
	- netherportalfix 21.3.2
	- packedup 1.0.30
	- polymer-bundled 0.10.2+1.21.3
	   |-- polymer-autohost 0.10.2+1.21.3
	   |    \-- io_netty_netty-codec-http 4.1.82
	   |-- polymer-blocks 0.10.2+1.21.3
	   |-- polymer-common 0.10.2+1.21.3
	   |    \-- packet_tweaker 0.6.0-pre.1+1.21.2-pre3
	   |-- polymer-core 0.10.2+1.21.3
	   |    |-- polymer-networking 0.10.2+1.21.3
	   |    |    \-- polymer-common 0.10.2+1.21.3
	   |    |         \-- packet_tweaker 0.6.0-pre.1+1.21.2-pre3
	   |    \-- polymer-registry-sync-manipulator 0.10.2+1.21.3
	   |-- polymer-resource-pack 0.10.2+1.21.3
	   |    \-- polymer-common 0.10.2+1.21.3
	   |         \-- packet_tweaker 0.6.0-pre.1+1.21.2-pre3
	   \-- polymer-virtual-entity 0.10.2+1.21.3
	        \-- polymer-common 0.10.2+1.21.3
	             \-- packet_tweaker 0.6.0-pre.1+1.21.2-pre3
	- rightclickharvest 4.4.3+1.21.3
	- roughlyenoughitems 17.0.790
	   \-- error_notifier 1.0.11
	- splinecart 0.1+1.21.3
	- supermartijn642configlib 1.1.8
	- supermartijn642corelib 1.1.17+a
	- tool_trims 2.2.2
	- trimmable_tools 2.0.4
	- tsa-decorations 2.1.1+1.21.2-1.21.3
	   \-- sgui 1.7.0+1.21.2
	- versecraft 4.1.1+1.21.3
	   \-- frozenlib 1.9.3-mc1.21.2
	- villagernames 8.1
	- waystones 21.3.3
[00:35:37] [main/INFO]: SpongePowered MIXIN Subsystem Version=0.8.7 Source=file:/workspaces/nanita/servidor_minecraft/libraries/net/fabricmc/sponge-mixin/0.15.4+mixin.0.8.7/sponge-mixin-0.15.4+mixin.0.8.7.jar Service=Knot/Fabric Env=SERVER
[00:35:37] [main/INFO]: Compatibility level set to JAVA_21
[00:35:37] [main/WARN]: Reference map 'supermartijn642configlib.mixins.refmap.json' for supermartijn642configlib.mixins.json could not be read. If this is a development environment you can ignore this message
[00:35:38] [main/INFO]: Initializing MixinExtras via com.llamalad7.mixinextras.service.MixinExtrasServiceImpl(version=0.4.1).
[00:35:46] [main/INFO]: Loading Collective version 7.89.
[00:35:46] [main/INFO]: Enchanted Vertical Slabs is loading in a Fabric environment!
[00:35:46] [main/INFO]: Registering Particles for frozenlib
[00:35:47] [main/INFO]: 0 Datafixer optimizations took 0 milliseconds
[00:35:47] [main/INFO]: Loading config FrozenLibConfig from frozenlib
[00:35:47] [main/INFO]: Saving config FrozenLibConfig from frozenlib
[00:35:47] [main/INFO]: Initializing JamLib on Fabric
[00:35:47] [main/INFO]: Updated config file at /workspaces/nanita/servidor_minecraft/config/rightclickharvest.json5
[00:35:47] [main/INFO]: Initializing Right Click Harvest on FABRIC
[00:35:47] [main/INFO]: Registering C2S receiver with id roughlyenoughitems:request_tags_c2s
[00:35:47] [main/INFO]: [REI] Registered plugin provider DefaultPlugin [roughlyenoughitems] for REICommonPlugin
[00:35:47] [main/INFO]: [REI] Registered plugin provider DefaultRuntimePlugin [roughlyenoughitems] for REICommonPlugin
[00:35:47] [main/INFO]: [REI] Registered plugin provider FabricFluidAPISupportPlugin for REICommonPlugin
[00:35:47] [main/INFO]: Registering C2S receiver with id roughlyenoughitems:delete_item
[00:35:47] [main/INFO]: Registering C2S receiver with id roughlyenoughitems:create_item
[00:35:47] [main/INFO]: Registering C2S receiver with id roughlyenoughitems:create_item_grab
[00:35:47] [main/INFO]: Registering C2S receiver with id roughlyenoughitems:create_item_hotbar
[00:35:47] [main/INFO]: Registering C2S receiver with id roughlyenoughitems:move_items_new
[00:35:48] [main/INFO]: [Collective] JSON file 'entity_names.json' generation requested by mod 'villagernames'.
[00:35:48] [main/INFO]: Saving config FrozenLibConfig from frozenlib
[00:35:48] [main/INFO]: Environment: Environment[sessionHost=https://sessionserver.mojang.com, servicesHost=https://api.minecraftservices.com, name=PROD]
[00:35:48] [main/INFO]: filament models registered: 2
[00:35:48] [main/INFO]: Filament items registered: 1
[00:35:48] [main/INFO]: Filament blocks registered: 0
[00:35:48] [main/INFO]: Filament decorations registered: 237
[00:35:48] [main/INFO]: Filament decoration block entities registered: 172
[00:35:49] [main/INFO]: filament models registered: 2
[00:35:50] [Worker-Main-3/ERROR]: Couldn't parse data file 'tooltrims:toolsmithing_table' from 'tooltrims:recipe/toolsmithing_table.json': DataResult.Error['Map entry '#' : Failed to parse either. First: Input does not contain a key [fabric:type]: MapLike[{"tag":"minecraft:planks"}]; Second: Failed to parse either. First: Not a string: {"tag":"minecraft:planks"}; Second: Failed to parse either. First: Not a json array: {"tag":"minecraft:planks"}; Second: Not a string: {"tag":"minecraft:planks"}']
[00:35:50] [main/INFO]: Loaded 2089 recipes
[00:35:50] [main/INFO]: Loaded 1830 advancements
[00:35:50] [main/WARN]: Recipe packedup:diamond_from_silver can't be placed due to empty ingredients and will be ignored
[00:35:50] [main/WARN]: Recipe packedup:silver_from_copper can't be placed due to empty ingredients and will be ignored
[00:35:50] [main/WARN]: Recipe packedup:silver_from_iron can't be placed due to empty ingredients and will be ignored
[00:35:51] [main/INFO]: Applied 66 biome modifications to 63 of 64 new biomes in 9.757 ms
[00:35:51] [Server thread/INFO]: [Quilt DFU API] Serverside DataFixer Registry is about to freeze
[00:35:51] [Server thread/INFO]: [Quilt DFU API] Serverside DataFixer Registry was frozen
[00:35:51] [Server thread/INFO]: Starting minecraft server version 1.21.3
[00:35:51] [Server thread/INFO]: Loading properties
[00:35:51] [Server thread/INFO]: Default game type: SURVIVAL
[00:35:51] [Server thread/INFO]: Generating keypair
[00:35:51] [Server thread/INFO]: Starting Minecraft server on *:25565
[00:35:51] [Server thread/INFO]: Using epoll channel type
[00:35:51] [Server thread/WARN]: **** SERVER IS RUNNING IN OFFLINE/INSECURE MODE!
[00:35:51] [Server thread/WARN]: The server will make no attempt to authenticate usernames. Beware.
[00:35:51] [Server thread/WARN]: While this makes the game possible to play without internet access, it also opens up the ability for hackers to connect with any username they choose.
[00:35:51] [Server thread/WARN]: To change this, set "online-mode" to "true" in the server.properties file.
[00:35:51] [Server thread/INFO]: Preparing level "world"
[00:35:51] [Server thread/INFO]: Preparing start region for dimension minecraft:overworld
[00:35:54] [Worker-Main-3/INFO]: Preparing spawn area: 0%
[00:35:54] [Worker-Main-3/INFO]: Preparing spawn area: 0%
[00:35:54] [Worker-Main-3/INFO]: Preparing spawn area: 0%
[00:35:54] [Worker-Main-3/INFO]: Preparing spawn area: 0%
[00:35:54] [Worker-Main-3/INFO]: Preparing spawn area: 0%
[00:35:54] [Worker-Main-1/INFO]: Preparing spawn area: 0%
[00:35:54] [Server thread/INFO]: Time elapsed: 2614 ms
[00:35:54] [Server thread/INFO]: Done (3.099s)! For help, type "help"
[00:35:54] [Server thread/INFO]: [REI] ----------------------------------------
[00:35:54] [Server thread/INFO]: [REI] REICommonPlugin starting main-reload for START.
[00:35:54] [Server thread/INFO]: [REI] Plugins (3):
[00:35:54] [Server thread/INFO]: [REI]  - (-100.00) DefaultPlugin of DefaultPlugin [roughlyenoughitems]
[00:35:54] [Server thread/INFO]: [REI]  - (0.00) FabricFluidAPISupportPlugin
[00:35:54] [Server thread/INFO]: [REI]  - (0.00) DefaultRuntimePlugin of DefaultRuntimePlugin [roughlyenoughitems]
[00:35:54] [Server thread/INFO]: [REI] ----------------------------------------
[00:35:54] [Server thread/INFO]: [REI] REICommonPlugin finished post-reload for START in 2.207 ms, totaling 81.68 ms.
[00:35:54] [Server thread/INFO]: [REI] ~~~~~~~~~~~~~~~~~~~~~~~~~~~~~~~~~~~~~~~~
[00:35:54] [Server thread/INFO]: [REI] REICommonPlugin starting main-reload for END.
[00:35:54] [Server thread/INFO]: [REI] Plugins (3):
[00:35:54] [Server thread/INFO]: [REI]  - (-100.00) DefaultPlugin of DefaultPlugin [roughlyenoughitems]
[00:35:54] [Server thread/INFO]: [REI]  - (0.00) FabricFluidAPISupportPlugin
[00:35:54] [Server thread/INFO]: [REI]  - (0.00) DefaultRuntimePlugin of DefaultRuntimePlugin [roughlyenoughitems]
[00:35:54] [Server thread/INFO]: [REI] ~~~~~~~~~~~~~~~~~~~~~~~~~~~~~~~~~~~~~~~~
[00:35:54] [Server thread/INFO]: [REI] REICommonPlugin finished post-reload for END in 1.287 ms, totaling 90.00 ms.
[00:36:34] [Server thread/INFO]: inser[/127.231.27.236:48735] logged in with entity id 20 at (-2562.699999988079, 13.0, -3212.4527606636234)
[00:36:34] [Server thread/INFO]: inser joined the game
[00:36:36] [Server thread/WARN]: Can't keep up! Is the server overloaded? Running 2432ms or 48 ticks behind
[00:36:52] [Server thread/INFO]: [inser: Set own game mode to Creative Mode]
[00:36:57] [Server thread/INFO]: [inser: Set own game mode to Survival Mode]
[00:37:05] [Server thread/INFO]: inser lost connection: Disconnected
[00:37:05] [Server thread/INFO]: inser left the game
[00:37:09] [Server thread/INFO]: Stopping the server
[00:37:09] [Server thread/INFO]: Stopping server
[00:37:09] [Server thread/INFO]: Saving players
[00:37:09] [Server thread/INFO]: Saving worlds
[00:37:09] [Server thread/INFO]: Saving chunks for level 'ServerLevel[world]'/minecraft:overworld
[00:37:09] [Server thread/INFO]: Saving chunks for level 'ServerLevel[world]'/minecraft:the_nether
[00:37:09] [Server thread/INFO]: Saving chunks for level 'ServerLevel[world]'/minecraft:the_end
[00:37:09] [Server thread/INFO]: ThreadedAnvilChunkStorage (world): All chunks are saved
[00:37:09] [Server thread/INFO]: ThreadedAnvilChunkStorage (DIM-1): All chunks are saved
[00:37:09] [Server thread/INFO]: ThreadedAnvilChunkStorage (DIM1): All chunks are saved
[00:37:09] [Server thread/INFO]: ThreadedAnvilChunkStorage: All dimensions are saved
