[00:35:47] [main/INFO] ========================================
[00:35:47] [main/INFO] Minecraft: 1.21.3
[00:35:47] [main/INFO] Side: server
[00:35:47] [main/INFO] Development: false
[00:35:47] [main/INFO] Version: 17.0.790
[00:35:47] [main/INFO] Loader:
[00:35:47] [main/INFO] - Fabric: 0.16.9
[00:35:47] [main/INFO] - Fabric API: 0.110.0+1.21.3
[00:35:47] [main/INFO] Dependencies:
[00:35:47] [main/INFO] - Cloth Config: 16.0.141
[00:35:47] [main/INFO] - Architectury: 14.0.4
[00:35:47] [main/INFO] Mixin: 0.8.7
[00:35:47] [main/INFO] OS: Linux 6.5.0-1025-azure (amd64)
[00:35:47] [main/INFO] Java: 21.0.5 (Ubuntu)
[00:35:47] [main/INFO] ========================================
[00:35:47] [main/INFO] Mods:
[00:35:47] [main/INFO] - appleskin: 3.0.6+mc1.21.3
[00:35:47] [main/INFO] - architectury: 14.0.4
[00:35:47] [main/INFO] - balm-fabric: 21.3.3
[00:35:47] [main/INFO] - bil: 1.1.13+1.21.2
[00:35:47] [main/INFO] - blue_endless_jankson: 1.2.3
[00:35:47] [main/INFO] - cloth-basic-math: 0.6.1
[00:35:47] [main/INFO] - cloth-config: 16.0.141
[00:35:47] [main/INFO] - cloth-config: 16.0.141
[00:35:47] [main/INFO] - collective: 7.89
[00:35:47] [main/INFO] - error_notifier: 1.0.11
[00:35:47] [main/INFO] - evs: 2.4.1
[00:35:47] [main/INFO] - expandedstorage: 15.1.2
[00:35:47] [main/INFO] - fabric-api: 0.110.0+1.21.3
[00:35:47] [main/INFO] - fabric-api: 0.110.0+1.21.3
[00:35:47] [main/INFO] - fabric-api-base: 0.4.50+119c825640
[00:35:47] [main/INFO] - fabric-api-lookup-api-v1: 1.6.81+fd37071f40
[00:35:47] [main/INFO] - fabric-biome-api-v1: 14.0.6+fd37071f40
[00:35:47] [main/INFO] - fabric-block-api-v1: 1.0.28+fd37071f40
[00:35:47] [main/INFO] - fabric-block-view-api-v2: 1.0.16+fd37071f40
[00:35:47] [main/INFO] - fabric-command-api-v1: 1.2.58+f71b366f40
[00:35:47] [main/INFO] - fabric-command-api-v2: 2.2.37+c9d82ab240
[00:35:47] [main/INFO] - fabric-commands-v0: 0.2.75+df3654b340
[00:35:47] [main/INFO] - fabric-content-registries-v0: 9.1.8+fd37071f40
[00:35:47] [main/INFO] - fabric-convention-tags-v1: 2.1.3+7f945d5b40
[00:35:47] [main/INFO] - fabric-convention-tags-v2: 2.9.3+84ebbb0e40
[00:35:47] [main/INFO] - fabric-crash-report-info-v1: 0.3.3+fd37071f40
[00:35:47] [main/INFO] - fabric-data-attachment-api-v1: 1.4.0+dbad41f140
[00:35:47] [main/INFO] - fabric-data-generation-api-v1: 21.0.18+fd37071f40
[00:35:47] [main/INFO] - fabric-dimensions-v1: 4.0.7+fd37071f40
[00:35:47] [main/INFO] - fabric-entity-events-v1: 2.0.8+825023f840
[00:35:47] [main/INFO] - fabric-events-interaction-v0: 2.0.12+c2c3ac4740
[00:35:47] [main/INFO] - fabric-game-rule-api-v1: 1.0.59+fd37071f40
[00:35:47] [main/INFO] - fabric-item-api-v1: 11.1.7+fd37071f40
[00:35:47] [main/INFO] - fabric-item-group-api-v1: 4.1.17+fd37071f40
[00:35:47] [main/INFO] - fabric-language-kotlin: 1.13.0+kotlin.2.1.0
[00:35:47] [main/INFO] - fabric-lifecycle-events-v1: 2.5.1+6da5ef6940
[00:35:47] [main/INFO] - fabric-loot-api-v2: 3.0.26+3f89f5a540
[00:35:47] [main/INFO] - fabric-loot-api-v3: 1.0.14+fd37071f40
[00:35:47] [main/INFO] - fabric-message-api-v1: 6.0.21+fd37071f40
[00:35:47] [main/INFO] - fabric-networking-api-v1: 4.3.5+fd37071f40
[00:35:47] [main/INFO] - fabric-object-builder-api-v1: 17.0.9+fd37071f40
[00:35:47] [main/INFO] - fabric-particles-v1: 4.0.10+fd37071f40
[00:35:47] [main/INFO] - fabric-recipe-api-v1: 7.0.4+fd37071f40
[00:35:47] [main/INFO] - fabric-registry-sync-v0: 5.3.0+2758bfbf40
[00:35:47] [main/INFO] - fabric-rendering-data-attachment-v1: 0.3.54+73761d2e40
[00:35:47] [main/INFO] - fabric-rendering-fluids-v1: 3.1.15+fd37071f40
[00:35:47] [main/INFO] - fabric-resource-conditions-api-v1: 5.0.8+fd37071f40
[00:35:47] [main/INFO] - fabric-resource-loader-v0: 3.0.6+fd37071f40
[00:35:47] [main/INFO] - fabric-screen-handler-api-v1: 1.3.101+fd37071f40
[00:35:47] [main/INFO] - fabric-transfer-api-v1: 5.4.3+fd37071f40
[00:35:47] [main/INFO] - fabric-transitive-access-wideners-v1: 6.2.0+54a41b1c40
[00:35:47] [main/INFO] - fabricloader: 0.16.9
[00:35:47] [main/INFO] - filament: 0.10.0+1.21.2
[00:35:47] [main/INFO] - frozenlib: 1.9.3-mc1.21.2
[00:35:47] [main/INFO] - hardcorerevival: 21.3.4
[00:35:47] [main/INFO] - io_netty_netty-codec-http: 4.1.82
[00:35:47] [main/INFO] - jamlib: 1.2.2+1.21.3
[00:35:47] [main/INFO] - java: 21
[00:35:47] [main/INFO] - kuma_api: 21.3.1-SNAPSHOT
[00:35:47] [main/INFO] - minecraft: 1.21.3
[00:35:47] [main/INFO] - mixinextras: 0.4.1
[00:35:47] [main/INFO] - mr_daycounter: 1.21
[00:35:47] [main/INFO] - netherportalfix: 21.3.2
[00:35:47] [main/INFO] - org_jetbrains_kotlin_kotlin-reflect: 2.1.0
[00:35:47] [main/INFO] - org_jetbrains_kotlin_kotlin-stdlib: 2.1.0
[00:35:47] [main/INFO] - org_jetbrains_kotlin_kotlin-stdlib-jdk7: 2.1.0
[00:35:47] [main/INFO] - org_jetbrains_kotlin_kotlin-stdlib-jdk8: 2.1.0
[00:35:47] [main/INFO] - org_jetbrains_kotlinx_atomicfu-jvm: 0.26.1
[00:35:47] [main/INFO] - org_jetbrains_kotlinx_kotlinx-coroutines-core-jvm: 1.9.0
[00:35:47] [main/INFO] - org_jetbrains_kotlinx_kotlinx-coroutines-jdk8: 1.9.0
[00:35:47] [main/INFO] - org_jetbrains_kotlinx_kotlinx-datetime-jvm: 0.6.1
[00:35:47] [main/INFO] - org_jetbrains_kotlinx_kotlinx-io-bytestring-jvm: 0.6.0
[00:35:47] [main/INFO] - org_jetbrains_kotlinx_kotlinx-io-core-jvm: 0.6.0
[00:35:47] [main/INFO] - org_jetbrains_kotlinx_kotlinx-serialization-cbor-jvm: 1.7.3
[00:35:47] [main/INFO] - org_jetbrains_kotlinx_kotlinx-serialization-core-jvm: 1.7.3
[00:35:47] [main/INFO] - org_jetbrains_kotlinx_kotlinx-serialization-json-jvm: 1.7.3
[00:35:47] [main/INFO] - packedup: 1.0.30
[00:35:47] [main/INFO] - packet_tweaker: 0.6.0-pre.1+1.21.2-pre3
[00:35:47] [main/INFO] - placeholder-api: 2.5.0+1.21.2
[00:35:47] [main/INFO] - polymer-autohost: 0.10.2+1.21.3
[00:35:47] [main/INFO] - polymer-blocks: 0.10.2+1.21.3
[00:35:47] [main/INFO] - polymer-bundled: 0.10.2+1.21.3
[00:35:47] [main/INFO] - polymer-common: 0.10.2+1.21.3
[00:35:47] [main/INFO] - polymer-core: 0.10.2+1.21.3
[00:35:47] [main/INFO] - polymer-networking: 0.10.2+1.21.3
[00:35:47] [main/INFO] - polymer-registry-sync-manipulator: 0.10.2+1.21.3
[00:35:47] [main/INFO] - polymer-resource-pack: 0.10.2+1.21.3
[00:35:47] [main/INFO] - polymer-virtual-entity: 0.10.2+1.21.3
[00:35:47] [main/INFO] - rightclickharvest: 4.4.3+1.21.3
[00:35:47] [main/INFO] - roughlyenoughitems: 17.0.790
[00:35:47] [main/INFO] - sgui: 1.7.0+1.21.2
[00:35:47] [main/INFO] - splinecart: 0.1+1.21.3
[00:35:47] [main/INFO] - supermartijn642configlib: 1.1.8
[00:35:47] [main/INFO] - supermartijn642corelib: 1.1.17+a
[00:35:47] [main/INFO] - tool_trims: 2.2.2
[00:35:47] [main/INFO] - trimmable_tools: 2.0.4
[00:35:47] [main/INFO] - tsa-decorations: 2.1.1+1.21.2-1.21.3
[00:35:47] [main/INFO] - versecraft: 4.1.1+1.21.3
[00:35:47] [main/INFO] - villagernames: 8.1
[00:35:47] [main/INFO] - waystones: 21.3.3
[00:35:47] [main/INFO] ========================================
[00:35:47] [main/INFO] [REI] Registered plugin provider DefaultPlugin [roughlyenoughitems] for REICommonPlugin
[00:35:47] [main/INFO] [REI] Registered plugin provider DefaultRuntimePlugin [roughlyenoughitems] for REICommonPlugin
[00:35:47] [main/INFO] [REI] Registered plugin provider FabricFluidAPISupportPlugin for REICommonPlugin
[00:35:48] [main/DEBUG] [REI] Processed 5 tags in 534.0 μs for minecraft:fluid
[00:35:49] [main/DEBUG] [REI] Processed 273 tags in 2.152 ms for minecraft:block
[00:35:49] [main/DEBUG] [REI] Processed 2 tags in 32.25 μs for minecraft:cat_variant
[00:35:49] [main/DEBUG] [REI] Processed 45 tags in 138.8 μs for minecraft:entity_type
[00:35:49] [main/DEBUG] [REI] Processed 397 tags in 1.386 ms for minecraft:item
[00:35:49] [main/DEBUG] [REI] Processed 3 tags in 28.85 μs for minecraft:point_of_interest_type
[00:35:49] [main/DEBUG] [REI] Processed 5 tags in 49.02 μs for minecraft:game_event
[00:35:54] [Server thread/DEBUG] [REI] Starting Reload Plugins of stage null
java.lang.Throwable
	at knot//me.shedaniel.rei.impl.common.plugins.ReloadManagerImpl.reloadPlugins(ReloadManagerImpl.java:110)
	at knot//me.shedaniel.rei.RoughlyEnoughItemsCore.lambda$onInitialize$4(RoughlyEnoughItemsCore.java:153)
	at knot//dev.architectury.event.fabric.EventHandlerImpl.lambda$registerCommon$10(EventHandlerImpl.java:67)
	at knot//net.fabricmc.fabric.api.event.lifecycle.v1.ServerLifecycleEvents.lambda$static$2(ServerLifecycleEvents.java:49)
	at knot//net.minecraft.server.MinecraftServer.handler$zla000$fabric-lifecycle-events-v1$afterSetupServer(MinecraftServer.java:3704)
	at knot//net.minecraft.server.MinecraftServer.method_29741(MinecraftServer.java:682)
	at knot//net.minecraft.server.MinecraftServer.method_29739(MinecraftServer.java:292)
	at java.base/java.lang.Thread.run(Thread.java:1583)
[00:35:54] [Server thread/DEBUG] [REI] ========================================
[00:35:54] [Server thread/DEBUG] [REI] REICommonPlugin starting pre-reload for START.
[00:35:54] [Server thread/DEBUG] [REI] Reloadables (8):
[00:35:54] [Server thread/DEBUG] [REI]  - SlotAccessorRegistryImpl
[00:35:54] [Server thread/DEBUG] [REI]  - EntryTypeRegistryImpl
[00:35:54] [Server thread/DEBUG] [REI]  - EntrySettingsAdapterRegistryImpl
[00:35:54] [Server thread/DEBUG] [REI]  - ItemComparatorRegistryImpl
[00:35:54] [Server thread/DEBUG] [REI]  - FluidComparatorRegistryImpl
[00:35:54] [Server thread/DEBUG] [REI]  - DisplaySerializerRegistryImpl
[00:35:54] [Server thread/DEBUG] [REI]  - ServerDisplayRegistryImpl
[00:35:54] [Server thread/DEBUG] [REI]  - FluidSupportProviderImpl
[00:35:54] [Server thread/DEBUG] [REI] Plugins (3):
[00:35:54] [Server thread/DEBUG] [REI]  - (-100.00) DefaultPlugin of DefaultPlugin [roughlyenoughitems]
[00:35:54] [Server thread/DEBUG] [REI]  - (0.00) FabricFluidAPISupportPlugin
[00:35:54] [Server thread/DEBUG] [REI]  - (0.00) DefaultRuntimePlugin of DefaultRuntimePlugin [roughlyenoughitems]
[00:35:54] [Server thread/DEBUG] [REI] ========================================
[00:35:54] [Server thread/TRACE] [REI] [REICommonPlugin START] Reloading Section: "pre-register/"
[00:35:54] [Server thread/TRACE] [REI] [REICommonPlugin START] Reloading Section: "pre-register/DefaultPlugin of DefaultPlugin [roughlyenoughitems]/"
[00:35:54] [Server thread/TRACE] [REI] [REICommonPlugin START] Reloading Section: "pre-register/DefaultPlugin of DefaultPlugin [roughlyenoughitems]/" done in 873.8 μs
[00:35:54] [Server thread/TRACE] [REI] [REICommonPlugin START] Reloading Section: "pre-register/FabricFluidAPISupportPlugin/"
[00:35:54] [Server thread/TRACE] [REI] [REICommonPlugin START] Reloading Section: "pre-register/FabricFluidAPISupportPlugin/" done in 165.8 μs
[00:35:54] [Server thread/TRACE] [REI] [REICommonPlugin START] Reloading Section: "pre-register/DefaultRuntimePlugin of DefaultRuntimePlugin [roughlyenoughitems]/"
[00:35:54] [Server thread/TRACE] [REI] [REICommonPlugin START] Reloading Section: "pre-register/DefaultRuntimePlugin of DefaultRuntimePlugin [roughlyenoughitems]/" done in 159.0 μs
[00:35:54] [Server thread/TRACE] [REI] [REICommonPlugin START] Reloading Section: "pre-register/" done in 7.706 ms
[00:35:54] [Server thread/TRACE] [REI] [REICommonPlugin START] Reloading Section: "pre-stage/"
[00:35:54] [Server thread/TRACE] [REI] [REICommonPlugin START] Reloading Section: "pre-stage/SlotAccessorRegistryImpl/"
[00:35:54] [Server thread/TRACE] [REI] [REICommonPlugin START] Reloading Section: "pre-stage/SlotAccessorRegistryImpl/" done in 315.0 μs
[00:35:54] [Server thread/TRACE] [REI] [REICommonPlugin START] Reloading Section: "pre-stage/EntryTypeRegistryImpl/"
[00:35:54] [Server thread/TRACE] [REI] [REICommonPlugin START] Reloading Section: "pre-stage/EntryTypeRegistryImpl/" done in 167.8 μs
[00:35:54] [Server thread/TRACE] [REI] [REICommonPlugin START] Reloading Section: "pre-stage/EntrySettingsAdapterRegistryImpl/"
[00:35:54] [Server thread/TRACE] [REI] [REICommonPlugin START] Reloading Section: "pre-stage/EntrySettingsAdapterRegistryImpl/" done in 160.1 μs
[00:35:54] [Server thread/TRACE] [REI] [REICommonPlugin START] Reloading Section: "pre-stage/ItemComparatorRegistryImpl/"
[00:35:54] [Server thread/TRACE] [REI] [REICommonPlugin START] Reloading Section: "pre-stage/ItemComparatorRegistryImpl/" done in 155.9 μs
[00:35:54] [Server thread/TRACE] [REI] [REICommonPlugin START] Reloading Section: "pre-stage/FluidComparatorRegistryImpl/"
[00:35:54] [Server thread/TRACE] [REI] [REICommonPlugin START] Reloading Section: "pre-stage/FluidComparatorRegistryImpl/" done in 191.8 μs
[00:35:54] [Server thread/TRACE] [REI] [REICommonPlugin START] Reloading Section: "pre-stage/DisplaySerializerRegistryImpl/"
[00:35:54] [Server thread/TRACE] [REI] [REICommonPlugin START] Reloading Section: "pre-stage/DisplaySerializerRegistryImpl/" done in 409.7 μs
[00:35:54] [Server thread/TRACE] [REI] [REICommonPlugin START] Reloading Section: "pre-stage/ServerDisplayRegistryImpl/"
[00:35:54] [Server thread/TRACE] [REI] [REICommonPlugin START] Reloading Section: "pre-stage/ServerDisplayRegistryImpl/" done in 162.2 μs
[00:35:54] [Server thread/TRACE] [REI] [REICommonPlugin START] Reloading Section: "pre-stage/FluidSupportProviderImpl/"
[00:35:54] [Server thread/TRACE] [REI] [REICommonPlugin START] Reloading Section: "pre-stage/FluidSupportProviderImpl/" done in 155.5 μs
[00:35:54] [Server thread/TRACE] [REI] [REICommonPlugin START] Reloading Section: "pre-stage/" done in 4.745 ms
[00:35:54] [Server thread/DEBUG] [REI] ========================================
[00:35:54] [Server thread/DEBUG] [REI] REICommonPlugin finished pre-reload for START in 13.72 ms.
[00:35:54] [Server thread/DEBUG] [REI] ========================================
[00:35:54] [Server thread/INFO] [REI] ----------------------------------------
[00:35:54] [Server thread/INFO] [REI] REICommonPlugin starting main-reload for START.
[00:35:54] [Server thread/DEBUG] [REI] Reloadables (8):
[00:35:54] [Server thread/DEBUG] [REI]  - SlotAccessorRegistryImpl
[00:35:54] [Server thread/DEBUG] [REI]  - EntryTypeRegistryImpl
[00:35:54] [Server thread/DEBUG] [REI]  - EntrySettingsAdapterRegistryImpl
[00:35:54] [Server thread/DEBUG] [REI]  - ItemComparatorRegistryImpl
[00:35:54] [Server thread/DEBUG] [REI]  - FluidComparatorRegistryImpl
[00:35:54] [Server thread/DEBUG] [REI]  - DisplaySerializerRegistryImpl
[00:35:54] [Server thread/DEBUG] [REI]  - ServerDisplayRegistryImpl
[00:35:54] [Server thread/DEBUG] [REI]  - FluidSupportProviderImpl
[00:35:54] [Server thread/INFO] [REI] Plugins (3):
[00:35:54] [Server thread/INFO] [REI]  - (-100.00) DefaultPlugin of DefaultPlugin [roughlyenoughitems]
[00:35:54] [Server thread/INFO] [REI]  - (0.00) FabricFluidAPISupportPlugin
[00:35:54] [Server thread/INFO] [REI]  - (0.00) DefaultRuntimePlugin of DefaultRuntimePlugin [roughlyenoughitems]
[00:35:54] [Server thread/INFO] [REI] ----------------------------------------
[00:35:54] [Server thread/TRACE] [REI] [REICommonPlugin START] Reloading Section: "start-reload/"
[00:35:54] [Server thread/TRACE] [REI] [REICommonPlugin START] Reloading Section: "start-reload/SlotAccessorRegistryImpl/"
[00:35:54] [Server thread/TRACE] [REI] [REICommonPlugin START] Reloading Section: "start-reload/SlotAccessorRegistryImpl/" done in 211.2 μs
[00:35:54] [Server thread/TRACE] [REI] [REICommonPlugin START] Reloading Section: "start-reload/EntryTypeRegistryImpl/"
[00:35:54] [Server thread/TRACE] [REI] [REICommonPlugin START] Reloading Section: "start-reload/EntryTypeRegistryImpl/" done in 209.6 μs
[00:35:54] [Server thread/TRACE] [REI] [REICommonPlugin START] Reloading Section: "start-reload/EntrySettingsAdapterRegistryImpl/"
[00:35:54] [Server thread/TRACE] [REI] [REICommonPlugin START] Reloading Section: "start-reload/EntrySettingsAdapterRegistryImpl/" done in 181.2 μs
[00:35:54] [Server thread/TRACE] [REI] [REICommonPlugin START] Reloading Section: "start-reload/ItemComparatorRegistryImpl/"
[00:35:54] [Server thread/TRACE] [REI] [REICommonPlugin START] Reloading Section: "start-reload/ItemComparatorRegistryImpl/" done in 146.5 μs
[00:35:54] [Server thread/TRACE] [REI] [REICommonPlugin START] Reloading Section: "start-reload/FluidComparatorRegistryImpl/"
[00:35:54] [Server thread/TRACE] [REI] [REICommonPlugin START] Reloading Section: "start-reload/FluidComparatorRegistryImpl/" done in 158.6 μs
[00:35:54] [Server thread/TRACE] [REI] [REICommonPlugin START] Reloading Section: "start-reload/DisplaySerializerRegistryImpl/"
[00:35:54] [Server thread/TRACE] [REI] [REICommonPlugin START] Reloading Section: "start-reload/DisplaySerializerRegistryImpl/" done in 165.4 μs
[00:35:54] [Server thread/TRACE] [REI] [REICommonPlugin START] Reloading Section: "start-reload/ServerDisplayRegistryImpl/"
[00:35:54] [Server thread/TRACE] [REI] [REICommonPlugin START] Reloading Section: "start-reload/ServerDisplayRegistryImpl/" done in 166.0 μs
[00:35:54] [Server thread/TRACE] [REI] [REICommonPlugin START] Reloading Section: "start-reload/FluidSupportProviderImpl/"
[00:35:54] [Server thread/TRACE] [REI] [REICommonPlugin START] Reloading Section: "start-reload/FluidSupportProviderImpl/" done in 198.8 μs
[00:35:54] [Server thread/TRACE] [REI] [REICommonPlugin START] Reloading Section: "start-reload/" done in 4.225 ms
[00:35:54] [Server thread/DEBUG] [REI] ========================================
[00:35:54] [Server thread/DEBUG] [REI] REICommonPlugin started main-reload for START.
[00:35:54] [Server thread/DEBUG] [REI] ========================================
[00:35:54] [Server thread/TRACE] [REI] [REICommonPlugin START] Reloading Section: "reloadable-plugin/SlotAccessorRegistryImpl/"
[00:35:54] [Server thread/TRACE] [REI] [REICommonPlugin START] Reloading Section: "reloadable-plugin/SlotAccessorRegistryImpl/DefaultPlugin of DefaultPlugin [roughlyenoughitems]/"
[00:35:54] [Server thread/TRACE] [REI] [REICommonPlugin START] Reloading Section: "reloadable-plugin/SlotAccessorRegistryImpl/DefaultPlugin of DefaultPlugin [roughlyenoughitems]/" done in 375.5 μs
[00:35:54] [Server thread/TRACE] [REI] [REICommonPlugin START] Reloading Section: "reloadable-plugin/SlotAccessorRegistryImpl/FabricFluidAPISupportPlugin/"
[00:35:54] [Server thread/TRACE] [REI] [REICommonPlugin START] Reloading Section: "reloadable-plugin/SlotAccessorRegistryImpl/FabricFluidAPISupportPlugin/" done in 173.1 μs
[00:35:54] [Server thread/TRACE] [REI] [REICommonPlugin START] Reloading Section: "reloadable-plugin/SlotAccessorRegistryImpl/DefaultRuntimePlugin of DefaultRuntimePlugin [roughlyenoughitems]/"
[00:35:54] [Server thread/TRACE] [REI] [REICommonPlugin START] Reloading Section: "reloadable-plugin/SlotAccessorRegistryImpl/DefaultRuntimePlugin of DefaultRuntimePlugin [roughlyenoughitems]/" done in 174.5 μs
[00:35:54] [Server thread/TRACE] [REI] [REICommonPlugin START] Reloading Section: "reloadable-plugin/SlotAccessorRegistryImpl/" done in 2.279 ms
[00:35:54] [Server thread/TRACE] [REI] [REICommonPlugin START] Reloading Section: "reloadable-plugin/EntryTypeRegistryImpl/"
[00:35:54] [Server thread/TRACE] [REI] [REICommonPlugin START] Reloading Section: "reloadable-plugin/EntryTypeRegistryImpl/DefaultPlugin of DefaultPlugin [roughlyenoughitems]/"
[00:35:54] [Server thread/TRACE] [REI] [REICommonPlugin START] Reloading Section: "reloadable-plugin/EntryTypeRegistryImpl/DefaultPlugin of DefaultPlugin [roughlyenoughitems]/" done in 175.9 μs
[00:35:54] [Server thread/TRACE] [REI] [REICommonPlugin START] Reloading Section: "reloadable-plugin/EntryTypeRegistryImpl/FabricFluidAPISupportPlugin/"
[00:35:54] [Server thread/TRACE] [REI] [REICommonPlugin START] Reloading Section: "reloadable-plugin/EntryTypeRegistryImpl/FabricFluidAPISupportPlugin/" done in 163.2 μs
[00:35:54] [Server thread/TRACE] [REI] [REICommonPlugin START] Reloading Section: "reloadable-plugin/EntryTypeRegistryImpl/DefaultRuntimePlugin of DefaultRuntimePlugin [roughlyenoughitems]/"
[00:35:54] [Server thread/TRACE] [REI] [REICommonPlugin START] Reloading Section: "reloadable-plugin/EntryTypeRegistryImpl/DefaultRuntimePlugin of DefaultRuntimePlugin [roughlyenoughitems]/" done in 4.388 ms
[00:35:54] [Server thread/TRACE] [REI] [REICommonPlugin START] Reloading Section: "reloadable-plugin/EntryTypeRegistryImpl/" done in 5.614 ms
[00:35:54] [Server thread/TRACE] [REI] [REICommonPlugin START] Reloading Section: "reloadable-plugin/EntrySettingsAdapterRegistryImpl/"
[00:35:54] [Server thread/TRACE] [REI] [REICommonPlugin START] Reloading Section: "reloadable-plugin/EntrySettingsAdapterRegistryImpl/DefaultPlugin of DefaultPlugin [roughlyenoughitems]/"
[00:35:54] [Server thread/TRACE] [REI] [REICommonPlugin START] Reloading Section: "reloadable-plugin/EntrySettingsAdapterRegistryImpl/DefaultPlugin of DefaultPlugin [roughlyenoughitems]/" done in 187.3 μs
[00:35:54] [Server thread/TRACE] [REI] [REICommonPlugin START] Reloading Section: "reloadable-plugin/EntrySettingsAdapterRegistryImpl/FabricFluidAPISupportPlugin/"
[00:35:54] [Server thread/TRACE] [REI] [REICommonPlugin START] Reloading Section: "reloadable-plugin/EntrySettingsAdapterRegistryImpl/FabricFluidAPISupportPlugin/" done in 146.8 μs
[00:35:54] [Server thread/TRACE] [REI] [REICommonPlugin START] Reloading Section: "reloadable-plugin/EntrySettingsAdapterRegistryImpl/DefaultRuntimePlugin of DefaultRuntimePlugin [roughlyenoughitems]/"
[00:35:54] [Server thread/TRACE] [REI] [REICommonPlugin START] Reloading Section: "reloadable-plugin/EntrySettingsAdapterRegistryImpl/DefaultRuntimePlugin of DefaultRuntimePlugin [roughlyenoughitems]/" done in 139.0 μs
[00:35:54] [Server thread/TRACE] [REI] [REICommonPlugin START] Reloading Section: "reloadable-plugin/EntrySettingsAdapterRegistryImpl/" done in 1.295 ms
[00:35:54] [Server thread/TRACE] [REI] [REICommonPlugin START] Reloading Section: "reloadable-plugin/ItemComparatorRegistryImpl/"
[00:35:54] [Server thread/TRACE] [REI] [REICommonPlugin START] Reloading Section: "reloadable-plugin/ItemComparatorRegistryImpl/DefaultPlugin of DefaultPlugin [roughlyenoughitems]/"
[00:35:54] [Server thread/TRACE] [REI] [REICommonPlugin START] Reloading Section: "reloadable-plugin/ItemComparatorRegistryImpl/DefaultPlugin of DefaultPlugin [roughlyenoughitems]/" done in 562.3 μs
[00:35:54] [Server thread/TRACE] [REI] [REICommonPlugin START] Reloading Section: "reloadable-plugin/ItemComparatorRegistryImpl/FabricFluidAPISupportPlugin/"
[00:35:54] [Server thread/TRACE] [REI] [REICommonPlugin START] Reloading Section: "reloadable-plugin/ItemComparatorRegistryImpl/FabricFluidAPISupportPlugin/" done in 80.24 μs
[00:35:54] [Server thread/TRACE] [REI] [REICommonPlugin START] Reloading Section: "reloadable-plugin/ItemComparatorRegistryImpl/DefaultRuntimePlugin of DefaultRuntimePlugin [roughlyenoughitems]/"
[00:35:54] [Server thread/TRACE] [REI] [REICommonPlugin START] Reloading Section: "reloadable-plugin/ItemComparatorRegistryImpl/DefaultRuntimePlugin of DefaultRuntimePlugin [roughlyenoughitems]/" done in 60.56 μs
[00:35:54] [Server thread/TRACE] [REI] [REICommonPlugin START] Reloading Section: "reloadable-plugin/ItemComparatorRegistryImpl/" done in 1.126 ms
[00:35:54] [Server thread/TRACE] [REI] [REICommonPlugin START] Reloading Section: "reloadable-plugin/FluidComparatorRegistryImpl/"
[00:35:54] [Server thread/TRACE] [REI] [REICommonPlugin START] Reloading Section: "reloadable-plugin/FluidComparatorRegistryImpl/DefaultPlugin of DefaultPlugin [roughlyenoughitems]/"
[00:35:54] [Server thread/TRACE] [REI] [REICommonPlugin START] Reloading Section: "reloadable-plugin/FluidComparatorRegistryImpl/DefaultPlugin of DefaultPlugin [roughlyenoughitems]/" done in 75.88 μs
[00:35:54] [Server thread/TRACE] [REI] [REICommonPlugin START] Reloading Section: "reloadable-plugin/FluidComparatorRegistryImpl/FabricFluidAPISupportPlugin/"
[00:35:54] [Server thread/TRACE] [REI] [REICommonPlugin START] Reloading Section: "reloadable-plugin/FluidComparatorRegistryImpl/FabricFluidAPISupportPlugin/" done in 92.99 μs
[00:35:54] [Server thread/TRACE] [REI] [REICommonPlugin START] Reloading Section: "reloadable-plugin/FluidComparatorRegistryImpl/DefaultRuntimePlugin of DefaultRuntimePlugin [roughlyenoughitems]/"
[00:35:54] [Server thread/TRACE] [REI] [REICommonPlugin START] Reloading Section: "reloadable-plugin/FluidComparatorRegistryImpl/DefaultRuntimePlugin of DefaultRuntimePlugin [roughlyenoughitems]/" done in 80.42 μs
[00:35:54] [Server thread/TRACE] [REI] [REICommonPlugin START] Reloading Section: "reloadable-plugin/FluidComparatorRegistryImpl/" done in 709.1 μs
[00:35:54] [Server thread/TRACE] [REI] [REICommonPlugin START] Reloading Section: "reloadable-plugin/DisplaySerializerRegistryImpl/"
[00:35:54] [Server thread/TRACE] [REI] [REICommonPlugin START] Reloading Section: "reloadable-plugin/DisplaySerializerRegistryImpl/DefaultPlugin of DefaultPlugin [roughlyenoughitems]/"
[00:35:54] [Server thread/DEBUG] [REI] Added display serializer [minecraft:client/crafting/shaped] me.shedaniel.rei.api.common.display.DisplaySerializer$1@b3e8cc7
[00:35:54] [Server thread/DEBUG] [REI] Added display serializer [minecraft:client/crafting/shapeless] me.shedaniel.rei.api.common.display.DisplaySerializer$1@6683ad53
[00:35:54] [Server thread/DEBUG] [REI] Added display serializer [minecraft:client/smelting] me.shedaniel.rei.api.common.display.DisplaySerializer$1@4c4285f
[00:35:54] [Server thread/DEBUG] [REI] Added display serializer [minecraft:client/smoking] me.shedaniel.rei.api.common.display.DisplaySerializer$1@6eeadaff
[00:35:54] [Server thread/DEBUG] [REI] Added display serializer [minecraft:client/blasting] me.shedaniel.rei.api.common.display.DisplaySerializer$1@3de039cd
[00:35:54] [Server thread/DEBUG] [REI] Added display serializer [minecraft:default/crafting/shaped] me.shedaniel.rei.api.common.display.DisplaySerializer$1@21fb5985
[00:35:54] [Server thread/DEBUG] [REI] Added display serializer [minecraft:default/crafting/shapeless] me.shedaniel.rei.api.common.display.DisplaySerializer$1@6ad1f281
[00:35:54] [Server thread/DEBUG] [REI] Added display serializer [minecraft:default/crafting/custom] me.shedaniel.rei.api.common.display.DisplaySerializer$1@49164efe
[00:35:54] [Server thread/DEBUG] [REI] Added display serializer [minecraft:default/crafting/custom_shaped] me.shedaniel.rei.api.common.display.DisplaySerializer$1@639ff45b
[00:35:54] [Server thread/DEBUG] [REI] Added display serializer [minecraft:default/crafting/custom_shapeless] me.shedaniel.rei.api.common.display.DisplaySerializer$1@60d649e1
[00:35:54] [Server thread/DEBUG] [REI] Added display serializer [minecraft:extension/crafting/map_extending] me.shedaniel.rei.api.common.display.DisplaySerializer$1@1d741d1
[00:35:54] [Server thread/DEBUG] [REI] Added display serializer [minecraft:default/smelting] me.shedaniel.rei.api.common.display.DisplaySerializer$1@788c617e
[00:35:54] [Server thread/DEBUG] [REI] Added display serializer [minecraft:default/smoking] me.shedaniel.rei.api.common.display.DisplaySerializer$1@1a4748e8
[00:35:54] [Server thread/DEBUG] [REI] Added display serializer [minecraft:default/blasting] me.shedaniel.rei.api.common.display.DisplaySerializer$1@1c63db36
[00:35:54] [Server thread/DEBUG] [REI] Added display serializer [minecraft:default/campfire] me.shedaniel.rei.api.common.display.DisplaySerializer$1@12ebcd7d
[00:35:54] [Server thread/DEBUG] [REI] Added display serializer [minecraft:default/stone_cutting] me.shedaniel.rei.api.common.display.DisplaySerializer$1@47f9cc52
[00:35:54] [Server thread/DEBUG] [REI] Added display serializer [minecraft:default/stripping] me.shedaniel.rei.api.common.display.DisplaySerializer$1@776d617
[00:35:54] [Server thread/DEBUG] [REI] Added display serializer [minecraft:default/brewing] me.shedaniel.rei.api.common.display.DisplaySerializer$1@2dc27428
[00:35:54] [Server thread/DEBUG] [REI] Added display serializer [minecraft:default/composting] me.shedaniel.rei.api.common.display.DisplaySerializer$1@325a0c89
[00:35:54] [Server thread/DEBUG] [REI] Added display serializer [minecraft:default/fuel] me.shedaniel.rei.api.common.display.DisplaySerializer$1@4fde9d0c
[00:35:54] [Server thread/DEBUG] [REI] Added display serializer [minecraft:default/smithing] me.shedaniel.rei.api.common.display.DisplaySerializer$1@1b90291e
[00:35:54] [Server thread/DEBUG] [REI] Added display serializer [minecraft:default/anvil] me.shedaniel.rei.api.common.display.DisplaySerializer$1@4f1dbc59
[00:35:54] [Server thread/DEBUG] [REI] Added display serializer [minecraft:default/beacon_base] me.shedaniel.rei.api.common.display.DisplaySerializer$1@5e815aed
[00:35:54] [Server thread/DEBUG] [REI] Added display serializer [minecraft:default/beacon_payment] me.shedaniel.rei.api.common.display.DisplaySerializer$1@3b3d2672
[00:35:54] [Server thread/DEBUG] [REI] Added display serializer [minecraft:default/tilling] me.shedaniel.rei.api.common.display.DisplaySerializer$1@160b61c0
[00:35:54] [Server thread/DEBUG] [REI] Added display serializer [minecraft:default/pathing] me.shedaniel.rei.api.common.display.DisplaySerializer$1@188e61b7
[00:35:54] [Server thread/DEBUG] [REI] Added display serializer [minecraft:default/waxing] me.shedaniel.rei.api.common.display.DisplaySerializer$1@1f622397
[00:35:54] [Server thread/DEBUG] [REI] Added display serializer [minecraft:default/waxing_scraping] me.shedaniel.rei.api.common.display.DisplaySerializer$1@2c3b2fbe
[00:35:54] [Server thread/DEBUG] [REI] Added display serializer [minecraft:default/oxidizing] me.shedaniel.rei.api.common.display.DisplaySerializer$1@79af7cba
[00:35:54] [Server thread/DEBUG] [REI] Added display serializer [minecraft:default/oxidizing_scraping] me.shedaniel.rei.api.common.display.DisplaySerializer$1@426994e3
[00:35:54] [Server thread/DEBUG] [REI] Added display serializer [roughlyenoughitems:default/information] me.shedaniel.rei.api.common.display.DisplaySerializer$1@139bdefb
[00:35:54] [Server thread/TRACE] [REI] [REICommonPlugin START] Reloading Section: "reloadable-plugin/DisplaySerializerRegistryImpl/DefaultPlugin of DefaultPlugin [roughlyenoughitems]/" done in 39.20 ms
[00:35:54] [Server thread/TRACE] [REI] [REICommonPlugin START] Reloading Section: "reloadable-plugin/DisplaySerializerRegistryImpl/FabricFluidAPISupportPlugin/"
[00:35:54] [Server thread/TRACE] [REI] [REICommonPlugin START] Reloading Section: "reloadable-plugin/DisplaySerializerRegistryImpl/FabricFluidAPISupportPlugin/" done in 58.86 μs
[00:35:54] [Server thread/TRACE] [REI] [REICommonPlugin START] Reloading Section: "reloadable-plugin/DisplaySerializerRegistryImpl/DefaultRuntimePlugin of DefaultRuntimePlugin [roughlyenoughitems]/"
[00:35:54] [Server thread/TRACE] [REI] [REICommonPlugin START] Reloading Section: "reloadable-plugin/DisplaySerializerRegistryImpl/DefaultRuntimePlugin of DefaultRuntimePlugin [roughlyenoughitems]/" done in 60.33 μs
[00:35:54] [Server thread/TRACE] [REI] [REICommonPlugin START] Reloading Section: "reloadable-plugin/DisplaySerializerRegistryImpl/" done in 39.79 ms
[00:35:54] [Server thread/TRACE] [REI] [REICommonPlugin START] Reloading Section: "reloadable-plugin/ServerDisplayRegistryImpl/"
[00:35:54] [Server thread/TRACE] [REI] [REICommonPlugin START] Reloading Section: "reloadable-plugin/ServerDisplayRegistryImpl/DefaultPlugin of DefaultPlugin [roughlyenoughitems]/"
[00:35:54] [Server thread/TRACE] [REI] [REICommonPlugin START] Reloading Section: "reloadable-plugin/ServerDisplayRegistryImpl/DefaultPlugin of DefaultPlugin [roughlyenoughitems]/" done in 47.12 μs
[00:35:54] [Server thread/TRACE] [REI] [REICommonPlugin START] Reloading Section: "reloadable-plugin/ServerDisplayRegistryImpl/FabricFluidAPISupportPlugin/"
[00:35:54] [Server thread/TRACE] [REI] [REICommonPlugin START] Reloading Section: "reloadable-plugin/ServerDisplayRegistryImpl/FabricFluidAPISupportPlugin/" done in 45.44 μs
[00:35:54] [Server thread/TRACE] [REI] [REICommonPlugin START] Reloading Section: "reloadable-plugin/ServerDisplayRegistryImpl/DefaultRuntimePlugin of DefaultRuntimePlugin [roughlyenoughitems]/"
[00:35:54] [Server thread/TRACE] [REI] [REICommonPlugin START] Reloading Section: "reloadable-plugin/ServerDisplayRegistryImpl/DefaultRuntimePlugin of DefaultRuntimePlugin [roughlyenoughitems]/" done in 44.27 μs
[00:35:54] [Server thread/TRACE] [REI] [REICommonPlugin START] Reloading Section: "reloadable-plugin/ServerDisplayRegistryImpl/" done in 493.9 μs
[00:35:54] [Server thread/TRACE] [REI] [REICommonPlugin START] Reloading Section: "reloadable-plugin/FluidSupportProviderImpl/"
[00:35:54] [Server thread/TRACE] [REI] [REICommonPlugin START] Reloading Section: "reloadable-plugin/FluidSupportProviderImpl/DefaultPlugin of DefaultPlugin [roughlyenoughitems]/"
[00:35:54] [Server thread/TRACE] [REI] [REICommonPlugin START] Reloading Section: "reloadable-plugin/FluidSupportProviderImpl/DefaultPlugin of DefaultPlugin [roughlyenoughitems]/" done in 310.6 μs
[00:35:54] [Server thread/TRACE] [REI] [REICommonPlugin START] Reloading Section: "reloadable-plugin/FluidSupportProviderImpl/FabricFluidAPISupportPlugin/"
[00:35:54] [Server thread/TRACE] [REI] [REICommonPlugin START] Reloading Section: "reloadable-plugin/FluidSupportProviderImpl/FabricFluidAPISupportPlugin/" done in 393.8 μs
[00:35:54] [Server thread/TRACE] [REI] [REICommonPlugin START] Reloading Section: "reloadable-plugin/FluidSupportProviderImpl/DefaultRuntimePlugin of DefaultRuntimePlugin [roughlyenoughitems]/"
[00:35:54] [Server thread/TRACE] [REI] [REICommonPlugin START] Reloading Section: "reloadable-plugin/FluidSupportProviderImpl/DefaultRuntimePlugin of DefaultRuntimePlugin [roughlyenoughitems]/" done in 55.91 μs
[00:35:54] [Server thread/TRACE] [REI] [REICommonPlugin START] Reloading Section: "reloadable-plugin/FluidSupportProviderImpl/" done in 1.239 ms
[00:35:54] [Server thread/DEBUG] [REI] ========================================
[00:35:54] [Server thread/DEBUG] [REI] REICommonPlugin ending main-reload for START.
[00:35:54] [Server thread/DEBUG] [REI] ========================================
[00:35:54] [Server thread/TRACE] [REI] [REICommonPlugin START] Reloading Section: "end-reload/"
[00:35:54] [Server thread/TRACE] [REI] [REICommonPlugin START] Reloading Section: "end-reload/SlotAccessorRegistryImpl/"
[00:35:54] [Server thread/TRACE] [REI] [REICommonPlugin START] Reloading Section: "end-reload/SlotAccessorRegistryImpl/" done in 68.20 μs
[00:35:54] [Server thread/TRACE] [REI] [REICommonPlugin START] Reloading Section: "end-reload/EntryTypeRegistryImpl/"
[00:35:54] [Server thread/TRACE] [REI] [REICommonPlugin START] Reloading Section: "end-reload/EntryTypeRegistryImpl/" done in 46.68 μs
[00:35:54] [Server thread/TRACE] [REI] [REICommonPlugin START] Reloading Section: "end-reload/EntrySettingsAdapterRegistryImpl/"
[00:35:54] [Server thread/TRACE] [REI] [REICommonPlugin START] Reloading Section: "end-reload/EntrySettingsAdapterRegistryImpl/" done in 37.32 μs
[00:35:54] [Server thread/TRACE] [REI] [REICommonPlugin START] Reloading Section: "end-reload/ItemComparatorRegistryImpl/"
[00:35:54] [Server thread/TRACE] [REI] [REICommonPlugin START] Reloading Section: "end-reload/ItemComparatorRegistryImpl/" done in 37.63 μs
[00:35:54] [Server thread/TRACE] [REI] [REICommonPlugin START] Reloading Section: "end-reload/FluidComparatorRegistryImpl/"
[00:35:54] [Server thread/TRACE] [REI] [REICommonPlugin START] Reloading Section: "end-reload/FluidComparatorRegistryImpl/" done in 37.05 μs
[00:35:54] [Server thread/TRACE] [REI] [REICommonPlugin START] Reloading Section: "end-reload/DisplaySerializerRegistryImpl/"
[00:35:54] [Server thread/TRACE] [REI] [REICommonPlugin START] Reloading Section: "end-reload/DisplaySerializerRegistryImpl/" done in 36.50 μs
[00:35:54] [Server thread/TRACE] [REI] [REICommonPlugin START] Reloading Section: "end-reload/ServerDisplayRegistryImpl/"
[00:35:54] [Server thread/TRACE] [REI] [REICommonPlugin START] Reloading Section: "end-reload/ServerDisplayRegistryImpl/" done in 36.88 μs
[00:35:54] [Server thread/TRACE] [REI] [REICommonPlugin START] Reloading Section: "end-reload/FluidSupportProviderImpl/"
[00:35:54] [Server thread/TRACE] [REI] [REICommonPlugin START] Reloading Section: "end-reload/FluidSupportProviderImpl/" done in 35.99 μs
[00:35:54] [Server thread/TRACE] [REI] [REICommonPlugin START] Reloading Section: "end-reload/" done in 1.125 ms
[00:35:54] [Server thread/DEBUG] [REI] ========================================
[00:35:54] [Server thread/DEBUG] [REI] REICommonPlugin ended main-reload for START in 65.78 ms.
[00:35:54] [Server thread/DEBUG] [REI] ========================================
[00:35:54] [Server thread/DEBUG] [REI] ========================================
[00:35:54] [Server thread/DEBUG] [REI] REICommonPlugin starting post-reload for START.
[00:35:54] [Server thread/DEBUG] [REI] Reloadables (8):
[00:35:54] [Server thread/DEBUG] [REI]  - SlotAccessorRegistryImpl
[00:35:54] [Server thread/DEBUG] [REI]  - EntryTypeRegistryImpl
[00:35:54] [Server thread/DEBUG] [REI]  - EntrySettingsAdapterRegistryImpl
[00:35:54] [Server thread/DEBUG] [REI]  - ItemComparatorRegistryImpl
[00:35:54] [Server thread/DEBUG] [REI]  - FluidComparatorRegistryImpl
[00:35:54] [Server thread/DEBUG] [REI]  - DisplaySerializerRegistryImpl
[00:35:54] [Server thread/DEBUG] [REI]  - ServerDisplayRegistryImpl
[00:35:54] [Server thread/DEBUG] [REI]  - FluidSupportProviderImpl
[00:35:54] [Server thread/DEBUG] [REI] Plugins (3):
[00:35:54] [Server thread/DEBUG] [REI]  - (-100.00) DefaultPlugin of DefaultPlugin [roughlyenoughitems]
[00:35:54] [Server thread/DEBUG] [REI]  - (0.00) FabricFluidAPISupportPlugin
[00:35:54] [Server thread/DEBUG] [REI]  - (0.00) DefaultRuntimePlugin of DefaultRuntimePlugin [roughlyenoughitems]
[00:35:54] [Server thread/DEBUG] [REI] ========================================
[00:35:54] [Server thread/TRACE] [REI] [REICommonPlugin START] Reloading Section: "post-register/"
[00:35:54] [Server thread/TRACE] [REI] [REICommonPlugin START] Reloading Section: "post-register/DefaultPlugin of DefaultPlugin [roughlyenoughitems]/"
[00:35:54] [Server thread/TRACE] [REI] [REICommonPlugin START] Reloading Section: "post-register/DefaultPlugin of DefaultPlugin [roughlyenoughitems]/" done in 255.1 μs
[00:35:54] [Server thread/TRACE] [REI] [REICommonPlugin START] Reloading Section: "post-register/FabricFluidAPISupportPlugin/"
[00:35:54] [Server thread/TRACE] [REI] [REICommonPlugin START] Reloading Section: "post-register/FabricFluidAPISupportPlugin/" done in 60.78 μs
[00:35:54] [Server thread/TRACE] [REI] [REICommonPlugin START] Reloading Section: "post-register/DefaultRuntimePlugin of DefaultRuntimePlugin [roughlyenoughitems]/"
[00:35:54] [Server thread/TRACE] [REI] [REICommonPlugin START] Reloading Section: "post-register/DefaultRuntimePlugin of DefaultRuntimePlugin [roughlyenoughitems]/" done in 45.68 μs
[00:35:54] [Server thread/TRACE] [REI] [REICommonPlugin START] Reloading Section: "post-register/" done in 904.3 μs
[00:35:54] [Server thread/TRACE] [REI] [REICommonPlugin START] Reloading Section: "post-stage/"
[00:35:54] [Server thread/TRACE] [REI] [REICommonPlugin START] Reloading Section: "post-stage/SlotAccessorRegistryImpl/"
[00:35:54] [Server thread/TRACE] [REI] [REICommonPlugin START] Reloading Section: "post-stage/SlotAccessorRegistryImpl/" done in 57.05 μs
[00:35:54] [Server thread/TRACE] [REI] [REICommonPlugin START] Reloading Section: "post-stage/EntryTypeRegistryImpl/"
[00:35:54] [Server thread/TRACE] [REI] [REICommonPlugin START] Reloading Section: "post-stage/EntryTypeRegistryImpl/" done in 44.23 μs
[00:35:54] [Server thread/TRACE] [REI] [REICommonPlugin START] Reloading Section: "post-stage/EntrySettingsAdapterRegistryImpl/"
[00:35:54] [Server thread/TRACE] [REI] [REICommonPlugin START] Reloading Section: "post-stage/EntrySettingsAdapterRegistryImpl/" done in 54.57 μs
[00:35:54] [Server thread/TRACE] [REI] [REICommonPlugin START] Reloading Section: "post-stage/ItemComparatorRegistryImpl/"
[00:35:54] [Server thread/TRACE] [REI] [REICommonPlugin START] Reloading Section: "post-stage/ItemComparatorRegistryImpl/" done in 42.29 μs
[00:35:54] [Server thread/TRACE] [REI] [REICommonPlugin START] Reloading Section: "post-stage/FluidComparatorRegistryImpl/"
[00:35:54] [Server thread/TRACE] [REI] [REICommonPlugin START] Reloading Section: "post-stage/FluidComparatorRegistryImpl/" done in 39.25 μs
[00:35:54] [Server thread/TRACE] [REI] [REICommonPlugin START] Reloading Section: "post-stage/DisplaySerializerRegistryImpl/"
[00:35:54] [Server thread/TRACE] [REI] [REICommonPlugin START] Reloading Section: "post-stage/DisplaySerializerRegistryImpl/" done in 42.34 μs
[00:35:54] [Server thread/TRACE] [REI] [REICommonPlugin START] Reloading Section: "post-stage/ServerDisplayRegistryImpl/"
[00:35:54] [Server thread/TRACE] [REI] [REICommonPlugin START] Reloading Section: "post-stage/ServerDisplayRegistryImpl/" done in 50.42 μs
[00:35:54] [Server thread/TRACE] [REI] [REICommonPlugin START] Reloading Section: "post-stage/FluidSupportProviderImpl/"
[00:35:54] [Server thread/TRACE] [REI] [REICommonPlugin START] Reloading Section: "post-stage/FluidSupportProviderImpl/" done in 40.33 μs
[00:35:54] [Server thread/TRACE] [REI] [REICommonPlugin START] Reloading Section: "post-stage/" done in 1.154 ms
[00:35:54] [Server thread/DEBUG] [REI] ========================================
[00:35:54] [Server thread/INFO] [REI] REICommonPlugin finished post-reload for START in 2.207 ms, totaling 81.68 ms.
[00:35:54] [Server thread/DEBUG] [REI] ========================================
[00:35:54] [Server thread/DEBUG] [REI] ========================================
[00:35:54] [Server thread/DEBUG] [REI] REICommonPlugin starting pre-reload for END.
[00:35:54] [Server thread/DEBUG] [REI] Reloadables (8):
[00:35:54] [Server thread/DEBUG] [REI]  - SlotAccessorRegistryImpl
[00:35:54] [Server thread/DEBUG] [REI]  - EntryTypeRegistryImpl
[00:35:54] [Server thread/DEBUG] [REI]  - EntrySettingsAdapterRegistryImpl
[00:35:54] [Server thread/DEBUG] [REI]  - ItemComparatorRegistryImpl
[00:35:54] [Server thread/DEBUG] [REI]  - FluidComparatorRegistryImpl
[00:35:54] [Server thread/DEBUG] [REI]  - DisplaySerializerRegistryImpl
[00:35:54] [Server thread/DEBUG] [REI]  - ServerDisplayRegistryImpl
[00:35:54] [Server thread/DEBUG] [REI]  - FluidSupportProviderImpl
[00:35:54] [Server thread/DEBUG] [REI] Plugins (3):
[00:35:54] [Server thread/DEBUG] [REI]  - (-100.00) DefaultPlugin of DefaultPlugin [roughlyenoughitems]
[00:35:54] [Server thread/DEBUG] [REI]  - (0.00) FabricFluidAPISupportPlugin
[00:35:54] [Server thread/DEBUG] [REI]  - (0.00) DefaultRuntimePlugin of DefaultRuntimePlugin [roughlyenoughitems]
[00:35:54] [Server thread/DEBUG] [REI] ========================================
[00:35:54] [Server thread/TRACE] [REI] [REICommonPlugin END] Reloading Section: "pre-register/"
[00:35:54] [Server thread/TRACE] [REI] [REICommonPlugin END] Reloading Section: "pre-register/DefaultPlugin of DefaultPlugin [roughlyenoughitems]/"
[00:35:54] [Server thread/TRACE] [REI] [REICommonPlugin END] Reloading Section: "pre-register/DefaultPlugin of DefaultPlugin [roughlyenoughitems]/" done in 94.37 μs
[00:35:54] [Server thread/TRACE] [REI] [REICommonPlugin END] Reloading Section: "pre-register/FabricFluidAPISupportPlugin/"
[00:35:54] [Server thread/TRACE] [REI] [REICommonPlugin END] Reloading Section: "pre-register/FabricFluidAPISupportPlugin/" done in 48.58 μs
[00:35:54] [Server thread/TRACE] [REI] [REICommonPlugin END] Reloading Section: "pre-register/DefaultRuntimePlugin of DefaultRuntimePlugin [roughlyenoughitems]/"
[00:35:54] [Server thread/TRACE] [REI] [REICommonPlugin END] Reloading Section: "pre-register/DefaultRuntimePlugin of DefaultRuntimePlugin [roughlyenoughitems]/" done in 64.81 μs
[00:35:54] [Server thread/TRACE] [REI] [REICommonPlugin END] Reloading Section: "pre-register/" done in 743.5 μs
[00:35:54] [Server thread/TRACE] [REI] [REICommonPlugin END] Reloading Section: "pre-stage/"
[00:35:54] [Server thread/TRACE] [REI] [REICommonPlugin END] Reloading Section: "pre-stage/SlotAccessorRegistryImpl/"
[00:35:54] [Server thread/TRACE] [REI] [REICommonPlugin END] Reloading Section: "pre-stage/SlotAccessorRegistryImpl/" done in 41.85 μs
[00:35:54] [Server thread/TRACE] [REI] [REICommonPlugin END] Reloading Section: "pre-stage/EntryTypeRegistryImpl/"
[00:35:54] [Server thread/TRACE] [REI] [REICommonPlugin END] Reloading Section: "pre-stage/EntryTypeRegistryImpl/" done in 39.31 μs
[00:35:54] [Server thread/TRACE] [REI] [REICommonPlugin END] Reloading Section: "pre-stage/EntrySettingsAdapterRegistryImpl/"
[00:35:54] [Server thread/TRACE] [REI] [REICommonPlugin END] Reloading Section: "pre-stage/EntrySettingsAdapterRegistryImpl/" done in 247.4 μs
[00:35:54] [Server thread/TRACE] [REI] [REICommonPlugin END] Reloading Section: "pre-stage/ItemComparatorRegistryImpl/"
[00:35:54] [Server thread/TRACE] [REI] [REICommonPlugin END] Reloading Section: "pre-stage/ItemComparatorRegistryImpl/" done in 45.70 μs
[00:35:54] [Server thread/TRACE] [REI] [REICommonPlugin END] Reloading Section: "pre-stage/FluidComparatorRegistryImpl/"
[00:35:54] [Server thread/TRACE] [REI] [REICommonPlugin END] Reloading Section: "pre-stage/FluidComparatorRegistryImpl/" done in 56.31 μs
[00:35:54] [Server thread/TRACE] [REI] [REICommonPlugin END] Reloading Section: "pre-stage/DisplaySerializerRegistryImpl/"
[00:35:54] [Server thread/TRACE] [REI] [REICommonPlugin END] Reloading Section: "pre-stage/DisplaySerializerRegistryImpl/" done in 40.94 μs
[00:35:54] [Server thread/TRACE] [REI] [REICommonPlugin END] Reloading Section: "pre-stage/ServerDisplayRegistryImpl/"
[00:35:54] [Server thread/TRACE] [REI] [REICommonPlugin END] Reloading Section: "pre-stage/ServerDisplayRegistryImpl/" done in 37.46 μs
[00:35:54] [Server thread/TRACE] [REI] [REICommonPlugin END] Reloading Section: "pre-stage/FluidSupportProviderImpl/"
[00:35:54] [Server thread/TRACE] [REI] [REICommonPlugin END] Reloading Section: "pre-stage/FluidSupportProviderImpl/" done in 37.50 μs
[00:35:54] [Server thread/TRACE] [REI] [REICommonPlugin END] Reloading Section: "pre-stage/" done in 1.287 ms
[00:35:54] [Server thread/DEBUG] [REI] ========================================
[00:35:54] [Server thread/DEBUG] [REI] REICommonPlugin finished pre-reload for END in 2.180 ms.
[00:35:54] [Server thread/DEBUG] [REI] ========================================
[00:35:54] [Server thread/INFO] [REI] ~~~~~~~~~~~~~~~~~~~~~~~~~~~~~~~~~~~~~~~~
[00:35:54] [Server thread/INFO] [REI] REICommonPlugin starting main-reload for END.
[00:35:54] [Server thread/DEBUG] [REI] Reloadables (8):
[00:35:54] [Server thread/DEBUG] [REI]  - SlotAccessorRegistryImpl
[00:35:54] [Server thread/DEBUG] [REI]  - EntryTypeRegistryImpl
[00:35:54] [Server thread/DEBUG] [REI]  - EntrySettingsAdapterRegistryImpl
[00:35:54] [Server thread/DEBUG] [REI]  - ItemComparatorRegistryImpl
[00:35:54] [Server thread/DEBUG] [REI]  - FluidComparatorRegistryImpl
[00:35:54] [Server thread/DEBUG] [REI]  - DisplaySerializerRegistryImpl
[00:35:54] [Server thread/DEBUG] [REI]  - ServerDisplayRegistryImpl
[00:35:54] [Server thread/DEBUG] [REI]  - FluidSupportProviderImpl
[00:35:54] [Server thread/INFO] [REI] Plugins (3):
[00:35:54] [Server thread/INFO] [REI]  - (-100.00) DefaultPlugin of DefaultPlugin [roughlyenoughitems]
[00:35:54] [Server thread/INFO] [REI]  - (0.00) FabricFluidAPISupportPlugin
[00:35:54] [Server thread/INFO] [REI]  - (0.00) DefaultRuntimePlugin of DefaultRuntimePlugin [roughlyenoughitems]
[00:35:54] [Server thread/INFO] [REI] ~~~~~~~~~~~~~~~~~~~~~~~~~~~~~~~~~~~~~~~~
[00:35:54] [Server thread/TRACE] [REI] [REICommonPlugin END] Reloading Section: "start-reload/"
[00:35:54] [Server thread/TRACE] [REI] [REICommonPlugin END] Reloading Section: "start-reload/SlotAccessorRegistryImpl/"
[00:35:54] [Server thread/TRACE] [REI] [REICommonPlugin END] Reloading Section: "start-reload/SlotAccessorRegistryImpl/" done in 54.19 μs
[00:35:54] [Server thread/TRACE] [REI] [REICommonPlugin END] Reloading Section: "start-reload/EntryTypeRegistryImpl/"
[00:35:54] [Server thread/TRACE] [REI] [REICommonPlugin END] Reloading Section: "start-reload/EntryTypeRegistryImpl/" done in 42.33 μs
[00:35:54] [Server thread/TRACE] [REI] [REICommonPlugin END] Reloading Section: "start-reload/EntrySettingsAdapterRegistryImpl/"
[00:35:54] [Server thread/TRACE] [REI] [REICommonPlugin END] Reloading Section: "start-reload/EntrySettingsAdapterRegistryImpl/" done in 47.82 μs
[00:35:54] [Server thread/TRACE] [REI] [REICommonPlugin END] Reloading Section: "start-reload/ItemComparatorRegistryImpl/"
[00:35:54] [Server thread/TRACE] [REI] [REICommonPlugin END] Reloading Section: "start-reload/ItemComparatorRegistryImpl/" done in 41.68 μs
[00:35:54] [Server thread/TRACE] [REI] [REICommonPlugin END] Reloading Section: "start-reload/FluidComparatorRegistryImpl/"
[00:35:54] [Server thread/TRACE] [REI] [REICommonPlugin END] Reloading Section: "start-reload/FluidComparatorRegistryImpl/" done in 43.62 μs
[00:35:54] [Server thread/TRACE] [REI] [REICommonPlugin END] Reloading Section: "start-reload/DisplaySerializerRegistryImpl/"
[00:35:54] [Server thread/TRACE] [REI] [REICommonPlugin END] Reloading Section: "start-reload/DisplaySerializerRegistryImpl/" done in 39.41 μs
[00:35:54] [Server thread/TRACE] [REI] [REICommonPlugin END] Reloading Section: "start-reload/ServerDisplayRegistryImpl/"
[00:35:54] [Server thread/TRACE] [REI] [REICommonPlugin END] Reloading Section: "start-reload/ServerDisplayRegistryImpl/" done in 152.9 μs
[00:35:54] [Server thread/TRACE] [REI] [REICommonPlugin END] Reloading Section: "start-reload/FluidSupportProviderImpl/"
[00:35:54] [Server thread/TRACE] [REI] [REICommonPlugin END] Reloading Section: "start-reload/FluidSupportProviderImpl/" done in 45.53 μs
[00:35:54] [Server thread/TRACE] [REI] [REICommonPlugin END] Reloading Section: "start-reload/" done in 1.306 ms
[00:35:54] [Server thread/DEBUG] [REI] ========================================
[00:35:54] [Server thread/DEBUG] [REI] REICommonPlugin started main-reload for END.
[00:35:54] [Server thread/DEBUG] [REI] ========================================
[00:35:54] [Server thread/TRACE] [REI] [REICommonPlugin END] Reloading Section: "reloadable-plugin/SlotAccessorRegistryImpl/"
[00:35:54] [Server thread/TRACE] [REI] [REICommonPlugin END] Reloading Section: "reloadable-plugin/SlotAccessorRegistryImpl/DefaultPlugin of DefaultPlugin [roughlyenoughitems]/"
[00:35:54] [Server thread/TRACE] [REI] [REICommonPlugin END] Reloading Section: "reloadable-plugin/SlotAccessorRegistryImpl/DefaultPlugin of DefaultPlugin [roughlyenoughitems]/" done in 77.90 μs
[00:35:54] [Server thread/TRACE] [REI] [REICommonPlugin END] Reloading Section: "reloadable-plugin/SlotAccessorRegistryImpl/FabricFluidAPISupportPlugin/"
[00:35:54] [Server thread/TRACE] [REI] [REICommonPlugin END] Reloading Section: "reloadable-plugin/SlotAccessorRegistryImpl/FabricFluidAPISupportPlugin/" done in 61.18 μs
[00:35:54] [Server thread/TRACE] [REI] [REICommonPlugin END] Reloading Section: "reloadable-plugin/SlotAccessorRegistryImpl/DefaultRuntimePlugin of DefaultRuntimePlugin [roughlyenoughitems]/"
[00:35:54] [Server thread/DEBUG] [REI] Added slot accessor serializer: me.shedaniel.rei.plugin.common.runtime.DefaultRuntimePlugin$1@4bcfd423 [roughlyenoughitems:vanilla]
[00:35:54] [Server thread/DEBUG] [REI] Added slot accessor serializer: me.shedaniel.rei.plugin.common.runtime.DefaultRuntimePlugin$2@292238c7 [roughlyenoughitems:player]
[00:35:54] [Server thread/TRACE] [REI] [REICommonPlugin END] Reloading Section: "reloadable-plugin/SlotAccessorRegistryImpl/DefaultRuntimePlugin of DefaultRuntimePlugin [roughlyenoughitems]/" done in 1.528 ms
[00:35:54] [Server thread/TRACE] [REI] [REICommonPlugin END] Reloading Section: "reloadable-plugin/SlotAccessorRegistryImpl/" done in 2.299 ms
[00:35:54] [Server thread/TRACE] [REI] [REICommonPlugin END] Reloading Section: "reloadable-plugin/EntryTypeRegistryImpl/"
[00:35:54] [Server thread/TRACE] [REI] [REICommonPlugin END] Reloading Section: "reloadable-plugin/EntryTypeRegistryImpl/DefaultPlugin of DefaultPlugin [roughlyenoughitems]/"
[00:35:54] [Server thread/TRACE] [REI] [REICommonPlugin END] Reloading Section: "reloadable-plugin/EntryTypeRegistryImpl/DefaultPlugin of DefaultPlugin [roughlyenoughitems]/" done in 74.69 μs
[00:35:54] [Server thread/TRACE] [REI] [REICommonPlugin END] Reloading Section: "reloadable-plugin/EntryTypeRegistryImpl/FabricFluidAPISupportPlugin/"
[00:35:54] [Server thread/TRACE] [REI] [REICommonPlugin END] Reloading Section: "reloadable-plugin/EntryTypeRegistryImpl/FabricFluidAPISupportPlugin/" done in 48.73 μs
[00:35:54] [Server thread/TRACE] [REI] [REICommonPlugin END] Reloading Section: "reloadable-plugin/EntryTypeRegistryImpl/DefaultRuntimePlugin of DefaultRuntimePlugin [roughlyenoughitems]/"
[00:35:54] [Server thread/TRACE] [REI] [REICommonPlugin END] Reloading Section: "reloadable-plugin/EntryTypeRegistryImpl/DefaultRuntimePlugin of DefaultRuntimePlugin [roughlyenoughitems]/" done in 45.28 μs
[00:35:54] [Server thread/TRACE] [REI] [REICommonPlugin END] Reloading Section: "reloadable-plugin/EntryTypeRegistryImpl/" done in 511.6 μs
[00:35:54] [Server thread/TRACE] [REI] [REICommonPlugin END] Reloading Section: "reloadable-plugin/EntrySettingsAdapterRegistryImpl/"
[00:35:54] [Server thread/TRACE] [REI] [REICommonPlugin END] Reloading Section: "reloadable-plugin/EntrySettingsAdapterRegistryImpl/DefaultPlugin of DefaultPlugin [roughlyenoughitems]/"
[00:35:54] [Server thread/TRACE] [REI] [REICommonPlugin END] Reloading Section: "reloadable-plugin/EntrySettingsAdapterRegistryImpl/DefaultPlugin of DefaultPlugin [roughlyenoughitems]/" done in 66.31 μs
[00:35:54] [Server thread/TRACE] [REI] [REICommonPlugin END] Reloading Section: "reloadable-plugin/EntrySettingsAdapterRegistryImpl/FabricFluidAPISupportPlugin/"
[00:35:54] [Server thread/TRACE] [REI] [REICommonPlugin END] Reloading Section: "reloadable-plugin/EntrySettingsAdapterRegistryImpl/FabricFluidAPISupportPlugin/" done in 53.47 μs
[00:35:54] [Server thread/TRACE] [REI] [REICommonPlugin END] Reloading Section: "reloadable-plugin/EntrySettingsAdapterRegistryImpl/DefaultRuntimePlugin of DefaultRuntimePlugin [roughlyenoughitems]/"
[00:35:54] [Server thread/TRACE] [REI] [REICommonPlugin END] Reloading Section: "reloadable-plugin/EntrySettingsAdapterRegistryImpl/DefaultRuntimePlugin of DefaultRuntimePlugin [roughlyenoughitems]/" done in 48.33 μs
[00:35:54] [Server thread/TRACE] [REI] [REICommonPlugin END] Reloading Section: "reloadable-plugin/EntrySettingsAdapterRegistryImpl/" done in 489.1 μs
[00:35:54] [Server thread/TRACE] [REI] [REICommonPlugin END] Reloading Section: "reloadable-plugin/ItemComparatorRegistryImpl/"
[00:35:54] [Server thread/TRACE] [REI] [REICommonPlugin END] Reloading Section: "reloadable-plugin/ItemComparatorRegistryImpl/DefaultPlugin of DefaultPlugin [roughlyenoughitems]/"
[00:35:54] [Server thread/TRACE] [REI] [REICommonPlugin END] Reloading Section: "reloadable-plugin/ItemComparatorRegistryImpl/DefaultPlugin of DefaultPlugin [roughlyenoughitems]/" done in 45.39 μs
[00:35:54] [Server thread/TRACE] [REI] [REICommonPlugin END] Reloading Section: "reloadable-plugin/ItemComparatorRegistryImpl/FabricFluidAPISupportPlugin/"
[00:35:54] [Server thread/TRACE] [REI] [REICommonPlugin END] Reloading Section: "reloadable-plugin/ItemComparatorRegistryImpl/FabricFluidAPISupportPlugin/" done in 43.76 μs
[00:35:54] [Server thread/TRACE] [REI] [REICommonPlugin END] Reloading Section: "reloadable-plugin/ItemComparatorRegistryImpl/DefaultRuntimePlugin of DefaultRuntimePlugin [roughlyenoughitems]/"
[00:35:54] [Server thread/TRACE] [REI] [REICommonPlugin END] Reloading Section: "reloadable-plugin/ItemComparatorRegistryImpl/DefaultRuntimePlugin of DefaultRuntimePlugin [roughlyenoughitems]/" done in 73.31 μs
[00:35:54] [Server thread/TRACE] [REI] [REICommonPlugin END] Reloading Section: "reloadable-plugin/ItemComparatorRegistryImpl/" done in 582.8 μs
[00:35:54] [Server thread/TRACE] [REI] [REICommonPlugin END] Reloading Section: "reloadable-plugin/FluidComparatorRegistryImpl/"
[00:35:54] [Server thread/TRACE] [REI] [REICommonPlugin END] Reloading Section: "reloadable-plugin/FluidComparatorRegistryImpl/DefaultPlugin of DefaultPlugin [roughlyenoughitems]/"
[00:35:54] [Server thread/TRACE] [REI] [REICommonPlugin END] Reloading Section: "reloadable-plugin/FluidComparatorRegistryImpl/DefaultPlugin of DefaultPlugin [roughlyenoughitems]/" done in 62.84 μs
[00:35:54] [Server thread/TRACE] [REI] [REICommonPlugin END] Reloading Section: "reloadable-plugin/FluidComparatorRegistryImpl/FabricFluidAPISupportPlugin/"
[00:35:54] [Server thread/TRACE] [REI] [REICommonPlugin END] Reloading Section: "reloadable-plugin/FluidComparatorRegistryImpl/FabricFluidAPISupportPlugin/" done in 68.90 μs
[00:35:54] [Server thread/TRACE] [REI] [REICommonPlugin END] Reloading Section: "reloadable-plugin/FluidComparatorRegistryImpl/DefaultRuntimePlugin of DefaultRuntimePlugin [roughlyenoughitems]/"
[00:35:54] [Server thread/TRACE] [REI] [REICommonPlugin END] Reloading Section: "reloadable-plugin/FluidComparatorRegistryImpl/DefaultRuntimePlugin of DefaultRuntimePlugin [roughlyenoughitems]/" done in 64.86 μs
[00:35:54] [Server thread/TRACE] [REI] [REICommonPlugin END] Reloading Section: "reloadable-plugin/FluidComparatorRegistryImpl/" done in 660.9 μs
[00:35:54] [Server thread/TRACE] [REI] [REICommonPlugin END] Reloading Section: "reloadable-plugin/DisplaySerializerRegistryImpl/"
[00:35:54] [Server thread/TRACE] [REI] [REICommonPlugin END] Reloading Section: "reloadable-plugin/DisplaySerializerRegistryImpl/DefaultPlugin of DefaultPlugin [roughlyenoughitems]/"
[00:35:54] [Server thread/TRACE] [REI] [REICommonPlugin END] Reloading Section: "reloadable-plugin/DisplaySerializerRegistryImpl/DefaultPlugin of DefaultPlugin [roughlyenoughitems]/" done in 53.71 μs
[00:35:54] [Server thread/TRACE] [REI] [REICommonPlugin END] Reloading Section: "reloadable-plugin/DisplaySerializerRegistryImpl/FabricFluidAPISupportPlugin/"
[00:35:54] [Server thread/TRACE] [REI] [REICommonPlugin END] Reloading Section: "reloadable-plugin/DisplaySerializerRegistryImpl/FabricFluidAPISupportPlugin/" done in 64.05 μs
[00:35:54] [Server thread/TRACE] [REI] [REICommonPlugin END] Reloading Section: "reloadable-plugin/DisplaySerializerRegistryImpl/DefaultRuntimePlugin of DefaultRuntimePlugin [roughlyenoughitems]/"
[00:35:54] [Server thread/TRACE] [REI] [REICommonPlugin END] Reloading Section: "reloadable-plugin/DisplaySerializerRegistryImpl/DefaultRuntimePlugin of DefaultRuntimePlugin [roughlyenoughitems]/" done in 61.64 μs
[00:35:54] [Server thread/TRACE] [REI] [REICommonPlugin END] Reloading Section: "reloadable-plugin/DisplaySerializerRegistryImpl/" done in 692.4 μs
[00:35:54] [Server thread/TRACE] [REI] [REICommonPlugin END] Reloading Section: "reloadable-plugin/ServerDisplayRegistryImpl/"
[00:35:54] [Server thread/TRACE] [REI] [REICommonPlugin END] Reloading Section: "reloadable-plugin/ServerDisplayRegistryImpl/DefaultPlugin of DefaultPlugin [roughlyenoughitems]/"
[00:35:54] [Server thread/DEBUG] [REI] Added display filter: me.shedaniel.rei.api.common.registry.display.DisplayConsumer$RecipeManagerConsumer$RecipeFillerBuilder$$Lambda/0x000076b589159678@5c2c96b8
[00:35:54] [Server thread/DEBUG] [REI] Added display filter: me.shedaniel.rei.api.common.registry.display.DisplayConsumer$RecipeManagerConsumer$RecipeFillerBuilder$$Lambda/0x000076b589159678@74b3d576
[00:35:54] [Server thread/DEBUG] [REI] Added display filter: me.shedaniel.rei.api.common.registry.display.DisplayConsumer$RecipeManagerConsumer$RecipeFillerBuilder$$Lambda/0x000076b589159678@3458886e
[00:35:54] [Server thread/DEBUG] [REI] Added display filter: me.shedaniel.rei.api.common.registry.display.DisplayConsumer$RecipeManagerConsumer$RecipeFillerBuilder$$Lambda/0x000076b589159678@5800967a
[00:35:54] [Server thread/DEBUG] [REI] Added display filter: me.shedaniel.rei.api.common.registry.display.DisplayConsumer$RecipeManagerConsumer$RecipeFillerBuilder$$Lambda/0x000076b589159678@6ee41a0c
[00:35:54] [Server thread/DEBUG] [REI] Added display filter: me.shedaniel.rei.api.common.registry.display.DisplayConsumer$RecipeManagerConsumer$RecipeFillerBuilder$$Lambda/0x000076b589159678@17b535f5
[00:35:54] [Server thread/DEBUG] [REI] Added display filter: me.shedaniel.rei.api.common.registry.display.DisplayConsumer$RecipeManagerConsumer$RecipeFillerBuilder$$Lambda/0x000076b589159678@38f3884d
[00:35:54] [Server thread/DEBUG] [REI] Added display filter: me.shedaniel.rei.api.common.registry.display.DisplayConsumer$RecipeManagerConsumer$RecipeFillerBuilder$$Lambda/0x000076b58915ac60@7be52be
[00:35:54] [Server thread/DEBUG] [REI] Added display filter: me.shedaniel.rei.api.common.registry.display.DisplayConsumer$RecipeManagerConsumer$RecipeFillerBuilder$$Lambda/0x000076b58915ac60@6c21b770
[00:35:54] [Server thread/DEBUG] [REI] Added display filter: me.shedaniel.rei.api.common.registry.display.DisplayConsumer$RecipeManagerConsumer$RecipeFillerBuilder$$Lambda/0x000076b58915ac60@1d9ece21
[00:35:54] [Server thread/DEBUG] [REI] Added display filter: me.shedaniel.rei.api.common.registry.display.DisplayConsumer$RecipeManagerConsumer$RecipeFillerBuilder$$Lambda/0x000076b58915ac60@6675ead3
[00:35:54] [Server thread/DEBUG] [REI] Added display filter: me.shedaniel.rei.api.common.registry.display.DisplayConsumer$RecipeManagerConsumer$RecipeFillerBuilder$$Lambda/0x000076b58915ac60@13ab6f01
[00:35:54] [Server thread/DEBUG] [REI] Added display filter: me.shedaniel.rei.api.common.registry.display.DisplayConsumer$RecipeManagerConsumer$RecipeFillerBuilder$$Lambda/0x000076b58915ac60@72d0d033
[00:35:54] [Server thread/DEBUG] [REI] Added display filter: me.shedaniel.rei.api.common.registry.display.DisplayConsumer$RecipeManagerConsumer$RecipeFillerBuilder$$Lambda/0x000076b58915ac60@1954f78e
[00:35:54] [Server thread/DEBUG] [REI] Added display filter: me.shedaniel.rei.api.common.registry.display.DisplayConsumer$RecipeManagerConsumer$RecipeFillerBuilder$$Lambda/0x000076b58915ac60@50bea505
[00:35:54] [Server thread/DEBUG] [REI] Added display filter: me.shedaniel.rei.api.common.registry.display.DisplayConsumer$RecipeManagerConsumer$RecipeFillerBuilder$$Lambda/0x000076b58915ac60@18a50b74
[00:35:54] [Server thread/TRACE] [REI] [REICommonPlugin END] Reloading Section: "reloadable-plugin/ServerDisplayRegistryImpl/DefaultPlugin of DefaultPlugin [roughlyenoughitems]/" done in 4.211 ms
[00:35:54] [Server thread/TRACE] [REI] [REICommonPlugin END] Reloading Section: "reloadable-plugin/ServerDisplayRegistryImpl/FabricFluidAPISupportPlugin/"
[00:35:54] [Server thread/TRACE] [REI] [REICommonPlugin END] Reloading Section: "reloadable-plugin/ServerDisplayRegistryImpl/FabricFluidAPISupportPlugin/" done in 50.26 μs
[00:35:54] [Server thread/TRACE] [REI] [REICommonPlugin END] Reloading Section: "reloadable-plugin/ServerDisplayRegistryImpl/DefaultRuntimePlugin of DefaultRuntimePlugin [roughlyenoughitems]/"
[00:35:54] [Server thread/TRACE] [REI] [REICommonPlugin END] Reloading Section: "reloadable-plugin/ServerDisplayRegistryImpl/DefaultRuntimePlugin of DefaultRuntimePlugin [roughlyenoughitems]/" done in 59.77 μs
[00:35:54] [Server thread/TRACE] [REI] [REICommonPlugin END] Reloading Section: "reloadable-plugin/ServerDisplayRegistryImpl/" done in 4.783 ms
[00:35:54] [Server thread/TRACE] [REI] [REICommonPlugin END] Reloading Section: "reloadable-plugin/FluidSupportProviderImpl/"
[00:35:54] [Server thread/TRACE] [REI] [REICommonPlugin END] Reloading Section: "reloadable-plugin/FluidSupportProviderImpl/DefaultPlugin of DefaultPlugin [roughlyenoughitems]/"
[00:35:54] [Server thread/TRACE] [REI] [REICommonPlugin END] Reloading Section: "reloadable-plugin/FluidSupportProviderImpl/DefaultPlugin of DefaultPlugin [roughlyenoughitems]/" done in 38.98 μs
[00:35:54] [Server thread/TRACE] [REI] [REICommonPlugin END] Reloading Section: "reloadable-plugin/FluidSupportProviderImpl/FabricFluidAPISupportPlugin/"
[00:35:54] [Server thread/TRACE] [REI] [REICommonPlugin END] Reloading Section: "reloadable-plugin/FluidSupportProviderImpl/FabricFluidAPISupportPlugin/" done in 39.89 μs
[00:35:54] [Server thread/TRACE] [REI] [REICommonPlugin END] Reloading Section: "reloadable-plugin/FluidSupportProviderImpl/DefaultRuntimePlugin of DefaultRuntimePlugin [roughlyenoughitems]/"
[00:35:54] [Server thread/TRACE] [REI] [REICommonPlugin END] Reloading Section: "reloadable-plugin/FluidSupportProviderImpl/DefaultRuntimePlugin of DefaultRuntimePlugin [roughlyenoughitems]/" done in 53.01 μs
[00:35:54] [Server thread/TRACE] [REI] [REICommonPlugin END] Reloading Section: "reloadable-plugin/FluidSupportProviderImpl/" done in 426.7 μs
[00:35:54] [Server thread/DEBUG] [REI] ========================================
[00:35:54] [Server thread/DEBUG] [REI] REICommonPlugin ending main-reload for END.
[00:35:54] [Server thread/DEBUG] [REI] ========================================
[00:35:54] [Server thread/TRACE] [REI] [REICommonPlugin END] Reloading Section: "end-reload/"
[00:35:54] [Server thread/TRACE] [REI] [REICommonPlugin END] Reloading Section: "end-reload/SlotAccessorRegistryImpl/"
[00:35:54] [Server thread/DEBUG] [REI] Registered 2 slot accessor serializers
[00:35:54] [Server thread/TRACE] [REI] [REICommonPlugin END] Reloading Section: "end-reload/SlotAccessorRegistryImpl/" done in 86.09 μs
[00:35:54] [Server thread/TRACE] [REI] [REICommonPlugin END] Reloading Section: "end-reload/EntryTypeRegistryImpl/"
[00:35:54] [Server thread/TRACE] [REI] [REICommonPlugin END] Reloading Section: "end-reload/EntryTypeRegistryImpl/" done in 31.84 μs
[00:35:54] [Server thread/TRACE] [REI] [REICommonPlugin END] Reloading Section: "end-reload/EntrySettingsAdapterRegistryImpl/"
[00:35:54] [Server thread/TRACE] [REI] [REICommonPlugin END] Reloading Section: "end-reload/EntrySettingsAdapterRegistryImpl/" done in 31.40 μs
[00:35:54] [Server thread/TRACE] [REI] [REICommonPlugin END] Reloading Section: "end-reload/ItemComparatorRegistryImpl/"
[00:35:54] [Server thread/TRACE] [REI] [REICommonPlugin END] Reloading Section: "end-reload/ItemComparatorRegistryImpl/" done in 42.76 μs
[00:35:54] [Server thread/TRACE] [REI] [REICommonPlugin END] Reloading Section: "end-reload/FluidComparatorRegistryImpl/"
[00:35:54] [Server thread/TRACE] [REI] [REICommonPlugin END] Reloading Section: "end-reload/FluidComparatorRegistryImpl/" done in 32.29 μs
[00:35:54] [Server thread/TRACE] [REI] [REICommonPlugin END] Reloading Section: "end-reload/DisplaySerializerRegistryImpl/"
[00:35:54] [Server thread/TRACE] [REI] [REICommonPlugin END] Reloading Section: "end-reload/DisplaySerializerRegistryImpl/" done in 32.63 μs
[00:35:54] [Server thread/TRACE] [REI] [REICommonPlugin END] Reloading Section: "end-reload/ServerDisplayRegistryImpl/"
[00:35:54] [Server thread/DEBUG] [REI] Found preliminary 0 displays
[00:35:54] [Server thread/DEBUG] [REI] Filled 2262 displays from recipe manager in 69.89 ms
[00:35:54] [Server thread/TRACE] [REI] [REICommonPlugin END] Reloading Section: "end-reload/ServerDisplayRegistryImpl/" done in 70.23 ms
[00:35:54] [Server thread/TRACE] [REI] [REICommonPlugin END] Reloading Section: "end-reload/FluidSupportProviderImpl/"
[00:35:54] [Server thread/TRACE] [REI] [REICommonPlugin END] Reloading Section: "end-reload/FluidSupportProviderImpl/" done in 41.14 μs
[00:35:54] [Server thread/TRACE] [REI] [REICommonPlugin END] Reloading Section: "end-reload/" done in 71.20 ms
[00:35:54] [Server thread/DEBUG] [REI] ========================================
[00:35:54] [Server thread/DEBUG] [REI] REICommonPlugin ended main-reload for END in 86.56 ms.
[00:35:54] [Server thread/DEBUG] [REI] ========================================
[00:35:54] [Server thread/DEBUG] [REI] ========================================
[00:35:54] [Server thread/DEBUG] [REI] REICommonPlugin starting post-reload for END.
[00:35:54] [Server thread/DEBUG] [REI] Reloadables (8):
[00:35:54] [Server thread/DEBUG] [REI]  - SlotAccessorRegistryImpl
[00:35:54] [Server thread/DEBUG] [REI]  - EntryTypeRegistryImpl
[00:35:54] [Server thread/DEBUG] [REI]  - EntrySettingsAdapterRegistryImpl
[00:35:54] [Server thread/DEBUG] [REI]  - ItemComparatorRegistryImpl
[00:35:54] [Server thread/DEBUG] [REI]  - FluidComparatorRegistryImpl
[00:35:54] [Server thread/DEBUG] [REI]  - DisplaySerializerRegistryImpl
[00:35:54] [Server thread/DEBUG] [REI]  - ServerDisplayRegistryImpl
[00:35:54] [Server thread/DEBUG] [REI]  - FluidSupportProviderImpl
[00:35:54] [Server thread/DEBUG] [REI] Plugins (3):
[00:35:54] [Server thread/DEBUG] [REI]  - (-100.00) DefaultPlugin of DefaultPlugin [roughlyenoughitems]
[00:35:54] [Server thread/DEBUG] [REI]  - (0.00) FabricFluidAPISupportPlugin
[00:35:54] [Server thread/DEBUG] [REI]  - (0.00) DefaultRuntimePlugin of DefaultRuntimePlugin [roughlyenoughitems]
[00:35:54] [Server thread/DEBUG] [REI] ========================================
[00:35:54] [Server thread/TRACE] [REI] [REICommonPlugin END] Reloading Section: "post-register/"
[00:35:54] [Server thread/TRACE] [REI] [REICommonPlugin END] Reloading Section: "post-register/DefaultPlugin of DefaultPlugin [roughlyenoughitems]/"
[00:35:54] [Server thread/TRACE] [REI] [REICommonPlugin END] Reloading Section: "post-register/DefaultPlugin of DefaultPlugin [roughlyenoughitems]/" done in 39.93 μs
[00:35:54] [Server thread/TRACE] [REI] [REICommonPlugin END] Reloading Section: "post-register/FabricFluidAPISupportPlugin/"
[00:35:54] [Server thread/TRACE] [REI] [REICommonPlugin END] Reloading Section: "post-register/FabricFluidAPISupportPlugin/" done in 36.53 μs
[00:35:54] [Server thread/TRACE] [REI] [REICommonPlugin END] Reloading Section: "post-register/DefaultRuntimePlugin of DefaultRuntimePlugin [roughlyenoughitems]/"
[00:35:54] [Server thread/TRACE] [REI] [REICommonPlugin END] Reloading Section: "post-register/DefaultRuntimePlugin of DefaultRuntimePlugin [roughlyenoughitems]/" done in 52.20 μs
[00:35:54] [Server thread/TRACE] [REI] [REICommonPlugin END] Reloading Section: "post-register/" done in 375.5 μs
[00:35:54] [Server thread/TRACE] [REI] [REICommonPlugin END] Reloading Section: "post-stage/"
[00:35:54] [Server thread/TRACE] [REI] [REICommonPlugin END] Reloading Section: "post-stage/SlotAccessorRegistryImpl/"
[00:35:54] [Server thread/TRACE] [REI] [REICommonPlugin END] Reloading Section: "post-stage/SlotAccessorRegistryImpl/" done in 32.22 μs
[00:35:54] [Server thread/TRACE] [REI] [REICommonPlugin END] Reloading Section: "post-stage/EntryTypeRegistryImpl/"
[00:35:54] [Server thread/TRACE] [REI] [REICommonPlugin END] Reloading Section: "post-stage/EntryTypeRegistryImpl/" done in 33.39 μs
[00:35:54] [Server thread/TRACE] [REI] [REICommonPlugin END] Reloading Section: "post-stage/EntrySettingsAdapterRegistryImpl/"
[00:35:54] [Server thread/TRACE] [REI] [REICommonPlugin END] Reloading Section: "post-stage/EntrySettingsAdapterRegistryImpl/" done in 32.92 μs
[00:35:54] [Server thread/TRACE] [REI] [REICommonPlugin END] Reloading Section: "post-stage/ItemComparatorRegistryImpl/"
[00:35:54] [Server thread/TRACE] [REI] [REICommonPlugin END] Reloading Section: "post-stage/ItemComparatorRegistryImpl/" done in 34.31 μs
[00:35:54] [Server thread/TRACE] [REI] [REICommonPlugin END] Reloading Section: "post-stage/FluidComparatorRegistryImpl/"
[00:35:54] [Server thread/TRACE] [REI] [REICommonPlugin END] Reloading Section: "post-stage/FluidComparatorRegistryImpl/" done in 31.45 μs
[00:35:54] [Server thread/TRACE] [REI] [REICommonPlugin END] Reloading Section: "post-stage/DisplaySerializerRegistryImpl/"
[00:35:54] [Server thread/TRACE] [REI] [REICommonPlugin END] Reloading Section: "post-stage/DisplaySerializerRegistryImpl/" done in 33.39 μs
[00:35:54] [Server thread/TRACE] [REI] [REICommonPlugin END] Reloading Section: "post-stage/ServerDisplayRegistryImpl/"
[00:35:54] [Server thread/TRACE] [REI] [REICommonPlugin END] Reloading Section: "post-stage/ServerDisplayRegistryImpl/" done in 31.56 μs
[00:35:54] [Server thread/TRACE] [REI] [REICommonPlugin END] Reloading Section: "post-stage/FluidSupportProviderImpl/"
[00:35:54] [Server thread/TRACE] [REI] [REICommonPlugin END] Reloading Section: "post-stage/FluidSupportProviderImpl/" done in 33.63 μs
[00:35:54] [Server thread/TRACE] [REI] [REICommonPlugin END] Reloading Section: "post-stage/" done in 808.6 μs
[00:35:54] [Server thread/DEBUG] [REI] ========================================
[00:35:54] [Server thread/INFO] [REI] REICommonPlugin finished post-reload for END in 1.287 ms, totaling 90.00 ms.
[00:35:54] [Server thread/DEBUG] [REI] ========================================
[00:35:55] [Server thread/DEBUG] [REI] Updating players with new displays version D96AC66700000001 [from D96AC66700000000]
[00:36:36] [Server thread/DEBUG] [REI] Player inser has outdated displays version 0 [latest version: D96AC66700000001]
[00:36:36] [Server thread/DEBUG] [REI] Player inser has outdated displays version 0 [latest version: D96AC66700000001], sending reset packet request.
